<?xml version="1.0" encoding="UTF-8"?>
<testsuite xmlns:xsi="http://www.w3.org/2001/XMLSchema-instance" xsi:noNamespaceSchemaLocation="https://maven.apache.org/surefire/maven-surefire-plugin/xsd/surefire-test-report.xsd" version="3.0.2" name="com.atelierlocal.controller.MessageControllerTest" time="0.143" tests="4" errors="0" skipped="0" failures="0">
  <properties>
    <property name="java.specification.version" value="21"/>
    <property name="sun.jnu.encoding" value="UTF-8"/>
    <property name="java.class.path" value="/home/valentin/portfolio-project/backend/target/test-classes:/home/valentin/portfolio-project/backend/target/classes:/home/valentin/.m2/repository/org/springdoc/springdoc-openapi-starter-webmvc-ui/2.6.0/springdoc-openapi-starter-webmvc-ui-2.6.0.jar:/home/valentin/.m2/repository/org/springdoc/springdoc-openapi-starter-webmvc-api/2.6.0/springdoc-openapi-starter-webmvc-api-2.6.0.jar:/home/valentin/.m2/repository/org/springdoc/springdoc-openapi-starter-common/2.6.0/springdoc-openapi-starter-common-2.6.0.jar:/home/valentin/.m2/repository/io/swagger/core/v3/swagger-core-jakarta/2.2.22/swagger-core-jakarta-2.2.22.jar:/home/valentin/.m2/repository/org/apache/commons/commons-lang3/3.17.0/commons-lang3-3.17.0.jar:/home/valentin/.m2/repository/io/swagger/core/v3/swagger-annotations-jakarta/2.2.22/swagger-annotations-jakarta-2.2.22.jar:/home/valentin/.m2/repository/io/swagger/core/v3/swagger-models-jakarta/2.2.22/swagger-models-jakarta-2.2.22.jar:/home/valentin/.m2/repository/jakarta/validation/jakarta.validation-api/3.0.2/jakarta.validation-api-3.0.2.jar:/home/valentin/.m2/repository/com/fasterxml/jackson/dataformat/jackson-dataformat-yaml/2.19.2/jackson-dataformat-yaml-2.19.2.jar:/home/valentin/.m2/repository/org/webjars/swagger-ui/5.17.14/swagger-ui-5.17.14.jar:/home/valentin/.m2/repository/org/springframework/boot/spring-boot-starter-web/3.5.6/spring-boot-starter-web-3.5.6.jar:/home/valentin/.m2/repository/org/springframework/boot/spring-boot-starter/3.5.6/spring-boot-starter-3.5.6.jar:/home/valentin/.m2/repository/org/springframework/boot/spring-boot/3.5.6/spring-boot-3.5.6.jar:/home/valentin/.m2/repository/org/springframework/boot/spring-boot-autoconfigure/3.5.6/spring-boot-autoconfigure-3.5.6.jar:/home/valentin/.m2/repository/org/springframework/boot/spring-boot-starter-logging/3.5.6/spring-boot-starter-logging-3.5.6.jar:/home/valentin/.m2/repository/org/apache/logging/log4j/log4j-to-slf4j/2.24.3/log4j-to-slf4j-2.24.3.jar:/home/valentin/.m2/repository/org/apache/logging/log4j/log4j-api/2.24.3/log4j-api-2.24.3.jar:/home/valentin/.m2/repository/org/slf4j/jul-to-slf4j/2.0.17/jul-to-slf4j-2.0.17.jar:/home/valentin/.m2/repository/jakarta/annotation/jakarta.annotation-api/2.1.1/jakarta.annotation-api-2.1.1.jar:/home/valentin/.m2/repository/org/yaml/snakeyaml/2.4/snakeyaml-2.4.jar:/home/valentin/.m2/repository/org/springframework/boot/spring-boot-starter-json/3.5.6/spring-boot-starter-json-3.5.6.jar:/home/valentin/.m2/repository/com/fasterxml/jackson/datatype/jackson-datatype-jdk8/2.19.2/jackson-datatype-jdk8-2.19.2.jar:/home/valentin/.m2/repository/com/fasterxml/jackson/datatype/jackson-datatype-jsr310/2.19.2/jackson-datatype-jsr310-2.19.2.jar:/home/valentin/.m2/repository/com/fasterxml/jackson/module/jackson-module-parameter-names/2.19.2/jackson-module-parameter-names-2.19.2.jar:/home/valentin/.m2/repository/org/springframework/boot/spring-boot-starter-tomcat/3.5.6/spring-boot-starter-tomcat-3.5.6.jar:/home/valentin/.m2/repository/org/apache/tomcat/embed/tomcat-embed-core/10.1.46/tomcat-embed-core-10.1.46.jar:/home/valentin/.m2/repository/org/apache/tomcat/embed/tomcat-embed-el/10.1.46/tomcat-embed-el-10.1.46.jar:/home/valentin/.m2/repository/org/apache/tomcat/embed/tomcat-embed-websocket/10.1.46/tomcat-embed-websocket-10.1.46.jar:/home/valentin/.m2/repository/org/springframework/spring-web/6.2.11/spring-web-6.2.11.jar:/home/valentin/.m2/repository/org/springframework/spring-beans/6.2.11/spring-beans-6.2.11.jar:/home/valentin/.m2/repository/io/micrometer/micrometer-observation/1.15.4/micrometer-observation-1.15.4.jar:/home/valentin/.m2/repository/io/micrometer/micrometer-commons/1.15.4/micrometer-commons-1.15.4.jar:/home/valentin/.m2/repository/org/springframework/spring-webmvc/6.2.11/spring-webmvc-6.2.11.jar:/home/valentin/.m2/repository/org/springframework/spring-context/6.2.11/spring-context-6.2.11.jar:/home/valentin/.m2/repository/org/springframework/spring-expression/6.2.11/spring-expression-6.2.11.jar:/home/valentin/.m2/repository/org/springframework/boot/spring-boot-starter-data-jpa/3.5.6/spring-boot-starter-data-jpa-3.5.6.jar:/home/valentin/.m2/repository/org/springframework/boot/spring-boot-starter-jdbc/3.5.6/spring-boot-starter-jdbc-3.5.6.jar:/home/valentin/.m2/repository/com/zaxxer/HikariCP/6.3.3/HikariCP-6.3.3.jar:/home/valentin/.m2/repository/org/springframework/spring-jdbc/6.2.11/spring-jdbc-6.2.11.jar:/home/valentin/.m2/repository/org/hibernate/orm/hibernate-core/6.6.29.Final/hibernate-core-6.6.29.Final.jar:/home/valentin/.m2/repository/jakarta/persistence/jakarta.persistence-api/3.1.0/jakarta.persistence-api-3.1.0.jar:/home/valentin/.m2/repository/jakarta/transaction/jakarta.transaction-api/2.0.1/jakarta.transaction-api-2.0.1.jar:/home/valentin/.m2/repository/org/jboss/logging/jboss-logging/3.6.1.Final/jboss-logging-3.6.1.Final.jar:/home/valentin/.m2/repository/org/hibernate/common/hibernate-commons-annotations/7.0.3.Final/hibernate-commons-annotations-7.0.3.Final.jar:/home/valentin/.m2/repository/io/smallrye/jandex/3.2.0/jandex-3.2.0.jar:/home/valentin/.m2/repository/com/fasterxml/classmate/1.7.0/classmate-1.7.0.jar:/home/valentin/.m2/repository/net/bytebuddy/byte-buddy/1.17.7/byte-buddy-1.17.7.jar:/home/valentin/.m2/repository/org/glassfish/jaxb/jaxb-runtime/4.0.5/jaxb-runtime-4.0.5.jar:/home/valentin/.m2/repository/org/glassfish/jaxb/jaxb-core/4.0.5/jaxb-core-4.0.5.jar:/home/valentin/.m2/repository/org/eclipse/angus/angus-activation/2.0.2/angus-activation-2.0.2.jar:/home/valentin/.m2/repository/org/glassfish/jaxb/txw2/4.0.5/txw2-4.0.5.jar:/home/valentin/.m2/repository/com/sun/istack/istack-commons-runtime/4.1.2/istack-commons-runtime-4.1.2.jar:/home/valentin/.m2/repository/jakarta/inject/jakarta.inject-api/2.0.1/jakarta.inject-api-2.0.1.jar:/home/valentin/.m2/repository/org/antlr/antlr4-runtime/4.13.0/antlr4-runtime-4.13.0.jar:/home/valentin/.m2/repository/org/springframework/data/spring-data-jpa/3.5.4/spring-data-jpa-3.5.4.jar:/home/valentin/.m2/repository/org/springframework/data/spring-data-commons/3.5.4/spring-data-commons-3.5.4.jar:/home/valentin/.m2/repository/org/springframework/spring-orm/6.2.11/spring-orm-6.2.11.jar:/home/valentin/.m2/repository/org/springframework/spring-tx/6.2.11/spring-tx-6.2.11.jar:/home/valentin/.m2/repository/org/springframework/spring-aspects/6.2.11/spring-aspects-6.2.11.jar:/home/valentin/.m2/repository/org/aspectj/aspectjweaver/1.9.24/aspectjweaver-1.9.24.jar:/home/valentin/.m2/repository/org/postgresql/postgresql/42.7.7/postgresql-42.7.7.jar:/home/valentin/.m2/repository/org/checkerframework/checker-qual/3.49.3/checker-qual-3.49.3.jar:/home/valentin/.m2/repository/org/springframework/boot/spring-boot-starter-security/3.5.6/spring-boot-starter-security-3.5.6.jar:/home/valentin/.m2/repository/org/springframework/spring-aop/6.2.11/spring-aop-6.2.11.jar:/home/valentin/.m2/repository/org/springframework/security/spring-security-config/6.5.5/spring-security-config-6.5.5.jar:/home/valentin/.m2/repository/org/springframework/security/spring-security-web/6.5.5/spring-security-web-6.5.5.jar:/home/valentin/.m2/repository/org/springframework/boot/spring-boot-starter-websocket/3.5.6/spring-boot-starter-websocket-3.5.6.jar:/home/valentin/.m2/repository/org/springframework/spring-messaging/6.2.11/spring-messaging-6.2.11.jar:/home/valentin/.m2/repository/org/springframework/spring-websocket/6.2.11/spring-websocket-6.2.11.jar:/home/valentin/.m2/repository/io/jsonwebtoken/jjwt-api/0.11.5/jjwt-api-0.11.5.jar:/home/valentin/.m2/repository/io/jsonwebtoken/jjwt-impl/0.11.5/jjwt-impl-0.11.5.jar:/home/valentin/.m2/repository/io/jsonwebtoken/jjwt-jackson/0.11.5/jjwt-jackson-0.11.5.jar:/home/valentin/.m2/repository/com/fasterxml/jackson/core/jackson-databind/2.19.2/jackson-databind-2.19.2.jar:/home/valentin/.m2/repository/com/fasterxml/jackson/core/jackson-annotations/2.19.2/jackson-annotations-2.19.2.jar:/home/valentin/.m2/repository/com/fasterxml/jackson/core/jackson-core/2.19.2/jackson-core-2.19.2.jar:/home/valentin/.m2/repository/de/mkammerer/argon2-jvm/2.12/argon2-jvm-2.12.jar:/home/valentin/.m2/repository/de/mkammerer/argon2-jvm-nolibs/2.12/argon2-jvm-nolibs-2.12.jar:/home/valentin/.m2/repository/net/java/dev/jna/jna/5.16.0/jna-5.16.0.jar:/home/valentin/.m2/repository/software/amazon/awssdk/s3/2.33.1/s3-2.33.1.jar:/home/valentin/.m2/repository/software/amazon/awssdk/aws-xml-protocol/2.33.1/aws-xml-protocol-2.33.1.jar:/home/valentin/.m2/repository/software/amazon/awssdk/aws-query-protocol/2.33.1/aws-query-protocol-2.33.1.jar:/home/valentin/.m2/repository/software/amazon/awssdk/protocol-core/2.33.1/protocol-core-2.33.1.jar:/home/valentin/.m2/repository/software/amazon/awssdk/arns/2.33.1/arns-2.33.1.jar:/home/valentin/.m2/repository/software/amazon/awssdk/profiles/2.33.1/profiles-2.33.1.jar:/home/valentin/.m2/repository/software/amazon/awssdk/crt-core/2.33.1/crt-core-2.33.1.jar:/home/valentin/.m2/repository/software/amazon/awssdk/http-auth/2.33.1/http-auth-2.33.1.jar:/home/valentin/.m2/repository/software/amazon/awssdk/identity-spi/2.33.1/identity-spi-2.33.1.jar:/home/valentin/.m2/repository/software/amazon/awssdk/http-auth-spi/2.33.1/http-auth-spi-2.33.1.jar:/home/valentin/.m2/repository/org/reactivestreams/reactive-streams/1.0.4/reactive-streams-1.0.4.jar:/home/valentin/.m2/repository/software/amazon/awssdk/http-auth-aws/2.33.1/http-auth-aws-2.33.1.jar:/home/valentin/.m2/repository/software/amazon/awssdk/checksums/2.33.1/checksums-2.33.1.jar:/home/valentin/.m2/repository/software/amazon/awssdk/checksums-spi/2.33.1/checksums-spi-2.33.1.jar:/home/valentin/.m2/repository/software/amazon/awssdk/retries-spi/2.33.1/retries-spi-2.33.1.jar:/home/valentin/.m2/repository/software/amazon/awssdk/sdk-core/2.33.1/sdk-core-2.33.1.jar:/home/valentin/.m2/repository/software/amazon/awssdk/retries/2.33.1/retries-2.33.1.jar:/home/valentin/.m2/repository/software/amazon/awssdk/auth/2.33.1/auth-2.33.1.jar:/home/valentin/.m2/repository/software/amazon/awssdk/http-auth-aws-eventstream/2.33.1/http-auth-aws-eventstream-2.33.1.jar:/home/valentin/.m2/repository/software/amazon/eventstream/eventstream/1.0.1/eventstream-1.0.1.jar:/home/valentin/.m2/repository/software/amazon/awssdk/http-client-spi/2.33.1/http-client-spi-2.33.1.jar:/home/valentin/.m2/repository/software/amazon/awssdk/annotations/2.33.1/annotations-2.33.1.jar:/home/valentin/.m2/repository/software/amazon/awssdk/utils/2.33.1/utils-2.33.1.jar:/home/valentin/.m2/repository/software/amazon/awssdk/aws-core/2.33.1/aws-core-2.33.1.jar:/home/valentin/.m2/repository/software/amazon/awssdk/metrics-spi/2.33.1/metrics-spi-2.33.1.jar:/home/valentin/.m2/repository/software/amazon/awssdk/json-utils/2.33.1/json-utils-2.33.1.jar:/home/valentin/.m2/repository/software/amazon/awssdk/third-party-jackson-core/2.33.1/third-party-jackson-core-2.33.1.jar:/home/valentin/.m2/repository/software/amazon/awssdk/endpoints-spi/2.33.1/endpoints-spi-2.33.1.jar:/home/valentin/.m2/repository/software/amazon/awssdk/apache-client/2.33.1/apache-client-2.33.1.jar:/home/valentin/.m2/repository/org/apache/httpcomponents/httpclient/4.5.13/httpclient-4.5.13.jar:/home/valentin/.m2/repository/commons-logging/commons-logging/1.2/commons-logging-1.2.jar:/home/valentin/.m2/repository/org/apache/httpcomponents/httpcore/4.4.16/httpcore-4.4.16.jar:/home/valentin/.m2/repository/commons-codec/commons-codec/1.18.0/commons-codec-1.18.0.jar:/home/valentin/.m2/repository/software/amazon/awssdk/netty-nio-client/2.33.1/netty-nio-client-2.33.1.jar:/home/valentin/.m2/repository/io/netty/netty-codec-http/4.1.127.Final/netty-codec-http-4.1.127.Final.jar:/home/valentin/.m2/repository/io/netty/netty-codec-http2/4.1.127.Final/netty-codec-http2-4.1.127.Final.jar:/home/valentin/.m2/repository/io/netty/netty-codec/4.1.127.Final/netty-codec-4.1.127.Final.jar:/home/valentin/.m2/repository/io/netty/netty-transport/4.1.127.Final/netty-transport-4.1.127.Final.jar:/home/valentin/.m2/repository/io/netty/netty-common/4.1.127.Final/netty-common-4.1.127.Final.jar:/home/valentin/.m2/repository/io/netty/netty-buffer/4.1.127.Final/netty-buffer-4.1.127.Final.jar:/home/valentin/.m2/repository/io/netty/netty-handler/4.1.127.Final/netty-handler-4.1.127.Final.jar:/home/valentin/.m2/repository/io/netty/netty-transport-native-unix-common/4.1.127.Final/netty-transport-native-unix-common-4.1.127.Final.jar:/home/valentin/.m2/repository/io/netty/netty-transport-classes-epoll/4.1.127.Final/netty-transport-classes-epoll-4.1.127.Final.jar:/home/valentin/.m2/repository/io/netty/netty-resolver/4.1.127.Final/netty-resolver-4.1.127.Final.jar:/home/valentin/.m2/repository/software/amazon/awssdk/regions/2.34.7/regions-2.34.7.jar:/home/valentin/.m2/repository/org/springframework/boot/spring-boot-starter-test/3.5.6/spring-boot-starter-test-3.5.6.jar:/home/valentin/.m2/repository/org/springframework/boot/spring-boot-test/3.5.6/spring-boot-test-3.5.6.jar:/home/valentin/.m2/repository/org/springframework/boot/spring-boot-test-autoconfigure/3.5.6/spring-boot-test-autoconfigure-3.5.6.jar:/home/valentin/.m2/repository/com/jayway/jsonpath/json-path/2.9.0/json-path-2.9.0.jar:/home/valentin/.m2/repository/jakarta/xml/bind/jakarta.xml.bind-api/4.0.2/jakarta.xml.bind-api-4.0.2.jar:/home/valentin/.m2/repository/jakarta/activation/jakarta.activation-api/2.1.4/jakarta.activation-api-2.1.4.jar:/home/valentin/.m2/repository/net/minidev/json-smart/2.5.2/json-smart-2.5.2.jar:/home/valentin/.m2/repository/net/minidev/accessors-smart/2.5.2/accessors-smart-2.5.2.jar:/home/valentin/.m2/repository/org/ow2/asm/asm/9.7.1/asm-9.7.1.jar:/home/valentin/.m2/repository/org/assertj/assertj-core/3.27.4/assertj-core-3.27.4.jar:/home/valentin/.m2/repository/org/awaitility/awaitility/4.2.2/awaitility-4.2.2.jar:/home/valentin/.m2/repository/org/hamcrest/hamcrest/3.0/hamcrest-3.0.jar:/home/valentin/.m2/repository/org/junit/jupiter/junit-jupiter/5.12.2/junit-jupiter-5.12.2.jar:/home/valentin/.m2/repository/org/junit/jupiter/junit-jupiter-api/5.12.2/junit-jupiter-api-5.12.2.jar:/home/valentin/.m2/repository/org/opentest4j/opentest4j/1.3.0/opentest4j-1.3.0.jar:/home/valentin/.m2/repository/org/junit/platform/junit-platform-commons/1.12.2/junit-platform-commons-1.12.2.jar:/home/valentin/.m2/repository/org/apiguardian/apiguardian-api/1.1.2/apiguardian-api-1.1.2.jar:/home/valentin/.m2/repository/org/junit/jupiter/junit-jupiter-params/5.12.2/junit-jupiter-params-5.12.2.jar:/home/valentin/.m2/repository/org/junit/jupiter/junit-jupiter-engine/5.12.2/junit-jupiter-engine-5.12.2.jar:/home/valentin/.m2/repository/org/junit/platform/junit-platform-engine/1.12.2/junit-platform-engine-1.12.2.jar:/home/valentin/.m2/repository/org/mockito/mockito-core/5.17.0/mockito-core-5.17.0.jar:/home/valentin/.m2/repository/net/bytebuddy/byte-buddy-agent/1.17.7/byte-buddy-agent-1.17.7.jar:/home/valentin/.m2/repository/org/objenesis/objenesis/3.3/objenesis-3.3.jar:/home/valentin/.m2/repository/org/mockito/mockito-junit-jupiter/5.17.0/mockito-junit-jupiter-5.17.0.jar:/home/valentin/.m2/repository/org/skyscreamer/jsonassert/1.5.3/jsonassert-1.5.3.jar:/home/valentin/.m2/repository/com/vaadin/external/google/android-json/0.0.20131108.vaadin1/android-json-0.0.20131108.vaadin1.jar:/home/valentin/.m2/repository/org/springframework/spring-core/6.2.11/spring-core-6.2.11.jar:/home/valentin/.m2/repository/org/springframework/spring-jcl/6.2.11/spring-jcl-6.2.11.jar:/home/valentin/.m2/repository/org/springframework/spring-test/6.2.11/spring-test-6.2.11.jar:/home/valentin/.m2/repository/org/xmlunit/xmlunit-core/2.10.4/xmlunit-core-2.10.4.jar:/home/valentin/.m2/repository/org/springframework/security/spring-security-test/6.5.5/spring-security-test-6.5.5.jar:/home/valentin/.m2/repository/org/springframework/security/spring-security-core/6.5.5/spring-security-core-6.5.5.jar:/home/valentin/.m2/repository/org/springframework/security/spring-security-crypto/6.5.5/spring-security-crypto-6.5.5.jar:/home/valentin/.m2/repository/org/slf4j/slf4j-api/2.0.17/slf4j-api-2.0.17.jar:/home/valentin/.m2/repository/ch/qos/logback/logback-classic/1.5.19/logback-classic-1.5.19.jar:/home/valentin/.m2/repository/ch/qos/logback/logback-core/1.5.18/logback-core-1.5.18.jar:"/>
    <property name="java.vm.vendor" value="Ubuntu"/>
    <property name="sun.arch.data.model" value="64"/>
    <property name="java.vendor.url" value="https://ubuntu.com/"/>
    <property name="user.timezone" value="Europe/Paris"/>
    <property name="os.name" value="Linux"/>
    <property name="java.vm.specification.version" value="21"/>
    <property name="sun.java.launcher" value="SUN_STANDARD"/>
    <property name="sun.boot.library.path" value="/usr/lib/jvm/java-21-openjdk-amd64/lib"/>
    <property name="sun.java.command" value="/home/valentin/portfolio-project/backend/target/surefire/surefirebooter-20251011151826925_3.jar /home/valentin/portfolio-project/backend/target/surefire 2025-10-11T15-18-26_848-jvmRun1 surefire-20251011151826925_1tmp surefire_0-20251011151826925_2tmp"/>
    <property name="jdk.debug" value="release"/>
    <property name="surefire.test.class.path" value="/home/valentin/portfolio-project/backend/target/test-classes:/home/valentin/portfolio-project/backend/target/classes:/home/valentin/.m2/repository/org/springdoc/springdoc-openapi-starter-webmvc-ui/2.6.0/springdoc-openapi-starter-webmvc-ui-2.6.0.jar:/home/valentin/.m2/repository/org/springdoc/springdoc-openapi-starter-webmvc-api/2.6.0/springdoc-openapi-starter-webmvc-api-2.6.0.jar:/home/valentin/.m2/repository/org/springdoc/springdoc-openapi-starter-common/2.6.0/springdoc-openapi-starter-common-2.6.0.jar:/home/valentin/.m2/repository/io/swagger/core/v3/swagger-core-jakarta/2.2.22/swagger-core-jakarta-2.2.22.jar:/home/valentin/.m2/repository/org/apache/commons/commons-lang3/3.17.0/commons-lang3-3.17.0.jar:/home/valentin/.m2/repository/io/swagger/core/v3/swagger-annotations-jakarta/2.2.22/swagger-annotations-jakarta-2.2.22.jar:/home/valentin/.m2/repository/io/swagger/core/v3/swagger-models-jakarta/2.2.22/swagger-models-jakarta-2.2.22.jar:/home/valentin/.m2/repository/jakarta/validation/jakarta.validation-api/3.0.2/jakarta.validation-api-3.0.2.jar:/home/valentin/.m2/repository/com/fasterxml/jackson/dataformat/jackson-dataformat-yaml/2.19.2/jackson-dataformat-yaml-2.19.2.jar:/home/valentin/.m2/repository/org/webjars/swagger-ui/5.17.14/swagger-ui-5.17.14.jar:/home/valentin/.m2/repository/org/springframework/boot/spring-boot-starter-web/3.5.6/spring-boot-starter-web-3.5.6.jar:/home/valentin/.m2/repository/org/springframework/boot/spring-boot-starter/3.5.6/spring-boot-starter-3.5.6.jar:/home/valentin/.m2/repository/org/springframework/boot/spring-boot/3.5.6/spring-boot-3.5.6.jar:/home/valentin/.m2/repository/org/springframework/boot/spring-boot-autoconfigure/3.5.6/spring-boot-autoconfigure-3.5.6.jar:/home/valentin/.m2/repository/org/springframework/boot/spring-boot-starter-logging/3.5.6/spring-boot-starter-logging-3.5.6.jar:/home/valentin/.m2/repository/org/apache/logging/log4j/log4j-to-slf4j/2.24.3/log4j-to-slf4j-2.24.3.jar:/home/valentin/.m2/repository/org/apache/logging/log4j/log4j-api/2.24.3/log4j-api-2.24.3.jar:/home/valentin/.m2/repository/org/slf4j/jul-to-slf4j/2.0.17/jul-to-slf4j-2.0.17.jar:/home/valentin/.m2/repository/jakarta/annotation/jakarta.annotation-api/2.1.1/jakarta.annotation-api-2.1.1.jar:/home/valentin/.m2/repository/org/yaml/snakeyaml/2.4/snakeyaml-2.4.jar:/home/valentin/.m2/repository/org/springframework/boot/spring-boot-starter-json/3.5.6/spring-boot-starter-json-3.5.6.jar:/home/valentin/.m2/repository/com/fasterxml/jackson/datatype/jackson-datatype-jdk8/2.19.2/jackson-datatype-jdk8-2.19.2.jar:/home/valentin/.m2/repository/com/fasterxml/jackson/datatype/jackson-datatype-jsr310/2.19.2/jackson-datatype-jsr310-2.19.2.jar:/home/valentin/.m2/repository/com/fasterxml/jackson/module/jackson-module-parameter-names/2.19.2/jackson-module-parameter-names-2.19.2.jar:/home/valentin/.m2/repository/org/springframework/boot/spring-boot-starter-tomcat/3.5.6/spring-boot-starter-tomcat-3.5.6.jar:/home/valentin/.m2/repository/org/apache/tomcat/embed/tomcat-embed-core/10.1.46/tomcat-embed-core-10.1.46.jar:/home/valentin/.m2/repository/org/apache/tomcat/embed/tomcat-embed-el/10.1.46/tomcat-embed-el-10.1.46.jar:/home/valentin/.m2/repository/org/apache/tomcat/embed/tomcat-embed-websocket/10.1.46/tomcat-embed-websocket-10.1.46.jar:/home/valentin/.m2/repository/org/springframework/spring-web/6.2.11/spring-web-6.2.11.jar:/home/valentin/.m2/repository/org/springframework/spring-beans/6.2.11/spring-beans-6.2.11.jar:/home/valentin/.m2/repository/io/micrometer/micrometer-observation/1.15.4/micrometer-observation-1.15.4.jar:/home/valentin/.m2/repository/io/micrometer/micrometer-commons/1.15.4/micrometer-commons-1.15.4.jar:/home/valentin/.m2/repository/org/springframework/spring-webmvc/6.2.11/spring-webmvc-6.2.11.jar:/home/valentin/.m2/repository/org/springframework/spring-context/6.2.11/spring-context-6.2.11.jar:/home/valentin/.m2/repository/org/springframework/spring-expression/6.2.11/spring-expression-6.2.11.jar:/home/valentin/.m2/repository/org/springframework/boot/spring-boot-starter-data-jpa/3.5.6/spring-boot-starter-data-jpa-3.5.6.jar:/home/valentin/.m2/repository/org/springframework/boot/spring-boot-starter-jdbc/3.5.6/spring-boot-starter-jdbc-3.5.6.jar:/home/valentin/.m2/repository/com/zaxxer/HikariCP/6.3.3/HikariCP-6.3.3.jar:/home/valentin/.m2/repository/org/springframework/spring-jdbc/6.2.11/spring-jdbc-6.2.11.jar:/home/valentin/.m2/repository/org/hibernate/orm/hibernate-core/6.6.29.Final/hibernate-core-6.6.29.Final.jar:/home/valentin/.m2/repository/jakarta/persistence/jakarta.persistence-api/3.1.0/jakarta.persistence-api-3.1.0.jar:/home/valentin/.m2/repository/jakarta/transaction/jakarta.transaction-api/2.0.1/jakarta.transaction-api-2.0.1.jar:/home/valentin/.m2/repository/org/jboss/logging/jboss-logging/3.6.1.Final/jboss-logging-3.6.1.Final.jar:/home/valentin/.m2/repository/org/hibernate/common/hibernate-commons-annotations/7.0.3.Final/hibernate-commons-annotations-7.0.3.Final.jar:/home/valentin/.m2/repository/io/smallrye/jandex/3.2.0/jandex-3.2.0.jar:/home/valentin/.m2/repository/com/fasterxml/classmate/1.7.0/classmate-1.7.0.jar:/home/valentin/.m2/repository/net/bytebuddy/byte-buddy/1.17.7/byte-buddy-1.17.7.jar:/home/valentin/.m2/repository/org/glassfish/jaxb/jaxb-runtime/4.0.5/jaxb-runtime-4.0.5.jar:/home/valentin/.m2/repository/org/glassfish/jaxb/jaxb-core/4.0.5/jaxb-core-4.0.5.jar:/home/valentin/.m2/repository/org/eclipse/angus/angus-activation/2.0.2/angus-activation-2.0.2.jar:/home/valentin/.m2/repository/org/glassfish/jaxb/txw2/4.0.5/txw2-4.0.5.jar:/home/valentin/.m2/repository/com/sun/istack/istack-commons-runtime/4.1.2/istack-commons-runtime-4.1.2.jar:/home/valentin/.m2/repository/jakarta/inject/jakarta.inject-api/2.0.1/jakarta.inject-api-2.0.1.jar:/home/valentin/.m2/repository/org/antlr/antlr4-runtime/4.13.0/antlr4-runtime-4.13.0.jar:/home/valentin/.m2/repository/org/springframework/data/spring-data-jpa/3.5.4/spring-data-jpa-3.5.4.jar:/home/valentin/.m2/repository/org/springframework/data/spring-data-commons/3.5.4/spring-data-commons-3.5.4.jar:/home/valentin/.m2/repository/org/springframework/spring-orm/6.2.11/spring-orm-6.2.11.jar:/home/valentin/.m2/repository/org/springframework/spring-tx/6.2.11/spring-tx-6.2.11.jar:/home/valentin/.m2/repository/org/springframework/spring-aspects/6.2.11/spring-aspects-6.2.11.jar:/home/valentin/.m2/repository/org/aspectj/aspectjweaver/1.9.24/aspectjweaver-1.9.24.jar:/home/valentin/.m2/repository/org/postgresql/postgresql/42.7.7/postgresql-42.7.7.jar:/home/valentin/.m2/repository/org/checkerframework/checker-qual/3.49.3/checker-qual-3.49.3.jar:/home/valentin/.m2/repository/org/springframework/boot/spring-boot-starter-security/3.5.6/spring-boot-starter-security-3.5.6.jar:/home/valentin/.m2/repository/org/springframework/spring-aop/6.2.11/spring-aop-6.2.11.jar:/home/valentin/.m2/repository/org/springframework/security/spring-security-config/6.5.5/spring-security-config-6.5.5.jar:/home/valentin/.m2/repository/org/springframework/security/spring-security-web/6.5.5/spring-security-web-6.5.5.jar:/home/valentin/.m2/repository/org/springframework/boot/spring-boot-starter-websocket/3.5.6/spring-boot-starter-websocket-3.5.6.jar:/home/valentin/.m2/repository/org/springframework/spring-messaging/6.2.11/spring-messaging-6.2.11.jar:/home/valentin/.m2/repository/org/springframework/spring-websocket/6.2.11/spring-websocket-6.2.11.jar:/home/valentin/.m2/repository/io/jsonwebtoken/jjwt-api/0.11.5/jjwt-api-0.11.5.jar:/home/valentin/.m2/repository/io/jsonwebtoken/jjwt-impl/0.11.5/jjwt-impl-0.11.5.jar:/home/valentin/.m2/repository/io/jsonwebtoken/jjwt-jackson/0.11.5/jjwt-jackson-0.11.5.jar:/home/valentin/.m2/repository/com/fasterxml/jackson/core/jackson-databind/2.19.2/jackson-databind-2.19.2.jar:/home/valentin/.m2/repository/com/fasterxml/jackson/core/jackson-annotations/2.19.2/jackson-annotations-2.19.2.jar:/home/valentin/.m2/repository/com/fasterxml/jackson/core/jackson-core/2.19.2/jackson-core-2.19.2.jar:/home/valentin/.m2/repository/de/mkammerer/argon2-jvm/2.12/argon2-jvm-2.12.jar:/home/valentin/.m2/repository/de/mkammerer/argon2-jvm-nolibs/2.12/argon2-jvm-nolibs-2.12.jar:/home/valentin/.m2/repository/net/java/dev/jna/jna/5.16.0/jna-5.16.0.jar:/home/valentin/.m2/repository/software/amazon/awssdk/s3/2.33.1/s3-2.33.1.jar:/home/valentin/.m2/repository/software/amazon/awssdk/aws-xml-protocol/2.33.1/aws-xml-protocol-2.33.1.jar:/home/valentin/.m2/repository/software/amazon/awssdk/aws-query-protocol/2.33.1/aws-query-protocol-2.33.1.jar:/home/valentin/.m2/repository/software/amazon/awssdk/protocol-core/2.33.1/protocol-core-2.33.1.jar:/home/valentin/.m2/repository/software/amazon/awssdk/arns/2.33.1/arns-2.33.1.jar:/home/valentin/.m2/repository/software/amazon/awssdk/profiles/2.33.1/profiles-2.33.1.jar:/home/valentin/.m2/repository/software/amazon/awssdk/crt-core/2.33.1/crt-core-2.33.1.jar:/home/valentin/.m2/repository/software/amazon/awssdk/http-auth/2.33.1/http-auth-2.33.1.jar:/home/valentin/.m2/repository/software/amazon/awssdk/identity-spi/2.33.1/identity-spi-2.33.1.jar:/home/valentin/.m2/repository/software/amazon/awssdk/http-auth-spi/2.33.1/http-auth-spi-2.33.1.jar:/home/valentin/.m2/repository/org/reactivestreams/reactive-streams/1.0.4/reactive-streams-1.0.4.jar:/home/valentin/.m2/repository/software/amazon/awssdk/http-auth-aws/2.33.1/http-auth-aws-2.33.1.jar:/home/valentin/.m2/repository/software/amazon/awssdk/checksums/2.33.1/checksums-2.33.1.jar:/home/valentin/.m2/repository/software/amazon/awssdk/checksums-spi/2.33.1/checksums-spi-2.33.1.jar:/home/valentin/.m2/repository/software/amazon/awssdk/retries-spi/2.33.1/retries-spi-2.33.1.jar:/home/valentin/.m2/repository/software/amazon/awssdk/sdk-core/2.33.1/sdk-core-2.33.1.jar:/home/valentin/.m2/repository/software/amazon/awssdk/retries/2.33.1/retries-2.33.1.jar:/home/valentin/.m2/repository/software/amazon/awssdk/auth/2.33.1/auth-2.33.1.jar:/home/valentin/.m2/repository/software/amazon/awssdk/http-auth-aws-eventstream/2.33.1/http-auth-aws-eventstream-2.33.1.jar:/home/valentin/.m2/repository/software/amazon/eventstream/eventstream/1.0.1/eventstream-1.0.1.jar:/home/valentin/.m2/repository/software/amazon/awssdk/http-client-spi/2.33.1/http-client-spi-2.33.1.jar:/home/valentin/.m2/repository/software/amazon/awssdk/annotations/2.33.1/annotations-2.33.1.jar:/home/valentin/.m2/repository/software/amazon/awssdk/utils/2.33.1/utils-2.33.1.jar:/home/valentin/.m2/repository/software/amazon/awssdk/aws-core/2.33.1/aws-core-2.33.1.jar:/home/valentin/.m2/repository/software/amazon/awssdk/metrics-spi/2.33.1/metrics-spi-2.33.1.jar:/home/valentin/.m2/repository/software/amazon/awssdk/json-utils/2.33.1/json-utils-2.33.1.jar:/home/valentin/.m2/repository/software/amazon/awssdk/third-party-jackson-core/2.33.1/third-party-jackson-core-2.33.1.jar:/home/valentin/.m2/repository/software/amazon/awssdk/endpoints-spi/2.33.1/endpoints-spi-2.33.1.jar:/home/valentin/.m2/repository/software/amazon/awssdk/apache-client/2.33.1/apache-client-2.33.1.jar:/home/valentin/.m2/repository/org/apache/httpcomponents/httpclient/4.5.13/httpclient-4.5.13.jar:/home/valentin/.m2/repository/commons-logging/commons-logging/1.2/commons-logging-1.2.jar:/home/valentin/.m2/repository/org/apache/httpcomponents/httpcore/4.4.16/httpcore-4.4.16.jar:/home/valentin/.m2/repository/commons-codec/commons-codec/1.18.0/commons-codec-1.18.0.jar:/home/valentin/.m2/repository/software/amazon/awssdk/netty-nio-client/2.33.1/netty-nio-client-2.33.1.jar:/home/valentin/.m2/repository/io/netty/netty-codec-http/4.1.127.Final/netty-codec-http-4.1.127.Final.jar:/home/valentin/.m2/repository/io/netty/netty-codec-http2/4.1.127.Final/netty-codec-http2-4.1.127.Final.jar:/home/valentin/.m2/repository/io/netty/netty-codec/4.1.127.Final/netty-codec-4.1.127.Final.jar:/home/valentin/.m2/repository/io/netty/netty-transport/4.1.127.Final/netty-transport-4.1.127.Final.jar:/home/valentin/.m2/repository/io/netty/netty-common/4.1.127.Final/netty-common-4.1.127.Final.jar:/home/valentin/.m2/repository/io/netty/netty-buffer/4.1.127.Final/netty-buffer-4.1.127.Final.jar:/home/valentin/.m2/repository/io/netty/netty-handler/4.1.127.Final/netty-handler-4.1.127.Final.jar:/home/valentin/.m2/repository/io/netty/netty-transport-native-unix-common/4.1.127.Final/netty-transport-native-unix-common-4.1.127.Final.jar:/home/valentin/.m2/repository/io/netty/netty-transport-classes-epoll/4.1.127.Final/netty-transport-classes-epoll-4.1.127.Final.jar:/home/valentin/.m2/repository/io/netty/netty-resolver/4.1.127.Final/netty-resolver-4.1.127.Final.jar:/home/valentin/.m2/repository/software/amazon/awssdk/regions/2.34.7/regions-2.34.7.jar:/home/valentin/.m2/repository/org/springframework/boot/spring-boot-starter-test/3.5.6/spring-boot-starter-test-3.5.6.jar:/home/valentin/.m2/repository/org/springframework/boot/spring-boot-test/3.5.6/spring-boot-test-3.5.6.jar:/home/valentin/.m2/repository/org/springframework/boot/spring-boot-test-autoconfigure/3.5.6/spring-boot-test-autoconfigure-3.5.6.jar:/home/valentin/.m2/repository/com/jayway/jsonpath/json-path/2.9.0/json-path-2.9.0.jar:/home/valentin/.m2/repository/jakarta/xml/bind/jakarta.xml.bind-api/4.0.2/jakarta.xml.bind-api-4.0.2.jar:/home/valentin/.m2/repository/jakarta/activation/jakarta.activation-api/2.1.4/jakarta.activation-api-2.1.4.jar:/home/valentin/.m2/repository/net/minidev/json-smart/2.5.2/json-smart-2.5.2.jar:/home/valentin/.m2/repository/net/minidev/accessors-smart/2.5.2/accessors-smart-2.5.2.jar:/home/valentin/.m2/repository/org/ow2/asm/asm/9.7.1/asm-9.7.1.jar:/home/valentin/.m2/repository/org/assertj/assertj-core/3.27.4/assertj-core-3.27.4.jar:/home/valentin/.m2/repository/org/awaitility/awaitility/4.2.2/awaitility-4.2.2.jar:/home/valentin/.m2/repository/org/hamcrest/hamcrest/3.0/hamcrest-3.0.jar:/home/valentin/.m2/repository/org/junit/jupiter/junit-jupiter/5.12.2/junit-jupiter-5.12.2.jar:/home/valentin/.m2/repository/org/junit/jupiter/junit-jupiter-api/5.12.2/junit-jupiter-api-5.12.2.jar:/home/valentin/.m2/repository/org/opentest4j/opentest4j/1.3.0/opentest4j-1.3.0.jar:/home/valentin/.m2/repository/org/junit/platform/junit-platform-commons/1.12.2/junit-platform-commons-1.12.2.jar:/home/valentin/.m2/repository/org/apiguardian/apiguardian-api/1.1.2/apiguardian-api-1.1.2.jar:/home/valentin/.m2/repository/org/junit/jupiter/junit-jupiter-params/5.12.2/junit-jupiter-params-5.12.2.jar:/home/valentin/.m2/repository/org/junit/jupiter/junit-jupiter-engine/5.12.2/junit-jupiter-engine-5.12.2.jar:/home/valentin/.m2/repository/org/junit/platform/junit-platform-engine/1.12.2/junit-platform-engine-1.12.2.jar:/home/valentin/.m2/repository/org/mockito/mockito-core/5.17.0/mockito-core-5.17.0.jar:/home/valentin/.m2/repository/net/bytebuddy/byte-buddy-agent/1.17.7/byte-buddy-agent-1.17.7.jar:/home/valentin/.m2/repository/org/objenesis/objenesis/3.3/objenesis-3.3.jar:/home/valentin/.m2/repository/org/mockito/mockito-junit-jupiter/5.17.0/mockito-junit-jupiter-5.17.0.jar:/home/valentin/.m2/repository/org/skyscreamer/jsonassert/1.5.3/jsonassert-1.5.3.jar:/home/valentin/.m2/repository/com/vaadin/external/google/android-json/0.0.20131108.vaadin1/android-json-0.0.20131108.vaadin1.jar:/home/valentin/.m2/repository/org/springframework/spring-core/6.2.11/spring-core-6.2.11.jar:/home/valentin/.m2/repository/org/springframework/spring-jcl/6.2.11/spring-jcl-6.2.11.jar:/home/valentin/.m2/repository/org/springframework/spring-test/6.2.11/spring-test-6.2.11.jar:/home/valentin/.m2/repository/org/xmlunit/xmlunit-core/2.10.4/xmlunit-core-2.10.4.jar:/home/valentin/.m2/repository/org/springframework/security/spring-security-test/6.5.5/spring-security-test-6.5.5.jar:/home/valentin/.m2/repository/org/springframework/security/spring-security-core/6.5.5/spring-security-core-6.5.5.jar:/home/valentin/.m2/repository/org/springframework/security/spring-security-crypto/6.5.5/spring-security-crypto-6.5.5.jar:/home/valentin/.m2/repository/org/slf4j/slf4j-api/2.0.17/slf4j-api-2.0.17.jar:/home/valentin/.m2/repository/ch/qos/logback/logback-classic/1.5.19/logback-classic-1.5.19.jar:/home/valentin/.m2/repository/ch/qos/logback/logback-core/1.5.18/logback-core-1.5.18.jar:"/>
    <property name="sun.cpu.endian" value="little"/>
    <property name="user.home" value="/home/valentin"/>
    <property name="user.language" value="en"/>
    <property name="java.specification.vendor" value="Oracle Corporation"/>
    <property name="java.version.date" value="2025-07-15"/>
    <property name="java.home" value="/usr/lib/jvm/java-21-openjdk-amd64"/>
    <property name="file.separator" value="/"/>
    <property name="basedir" value="/home/valentin/portfolio-project/backend"/>
    <property name="java.vm.compressedOopsMode" value="32-bit"/>
    <property name="line.separator" value="&#10;"/>
    <property name="java.vm.specification.vendor" value="Oracle Corporation"/>
    <property name="java.specification.name" value="Java Platform API Specification"/>
    <property name="surefire.real.class.path" value="/home/valentin/portfolio-project/backend/target/surefire/surefirebooter-20251011151826925_3.jar"/>
    <property name="sun.management.compiler" value="HotSpot 64-Bit Tiered Compilers"/>
    <property name="java.runtime.version" value="21.0.8+9-Ubuntu-0ubuntu124.04.1"/>
    <property name="user.name" value="valentin"/>
    <property name="stdout.encoding" value="UTF-8"/>
    <property name="path.separator" value=":"/>
    <property name="os.version" value="6.6.87.2-microsoft-standard-WSL2"/>
    <property name="java.runtime.name" value="OpenJDK Runtime Environment"/>
    <property name="file.encoding" value="UTF-8"/>
    <property name="java.vm.name" value="OpenJDK 64-Bit Server VM"/>
    <property name="localRepository" value="/home/valentin/.m2/repository"/>
    <property name="java.vendor.url.bug" value="https://bugs.launchpad.net/ubuntu/+source/openjdk-21"/>
    <property name="java.io.tmpdir" value="/tmp"/>
    <property name="java.version" value="21.0.8"/>
    <property name="user.dir" value="/home/valentin/portfolio-project/backend"/>
    <property name="os.arch" value="amd64"/>
    <property name="java.vm.specification.name" value="Java Virtual Machine Specification"/>
    <property name="native.encoding" value="UTF-8"/>
    <property name="java.library.path" value="/usr/java/packages/lib:/usr/lib/x86_64-linux-gnu/jni:/lib/x86_64-linux-gnu:/usr/lib/x86_64-linux-gnu:/usr/lib/jni:/lib:/usr/lib"/>
    <property name="stderr.encoding" value="UTF-8"/>
    <property name="java.vm.info" value="mixed mode, sharing"/>
    <property name="java.vendor" value="Ubuntu"/>
    <property name="java.vm.version" value="21.0.8+9-Ubuntu-0ubuntu124.04.1"/>
    <property name="sun.io.unicode.encoding" value="UnicodeLittle"/>
    <property name="java.class.version" value="65.0"/>
  </properties>
  <testcase name="testGetHistorySuccess" classname="com.atelierlocal.controller.MessageControllerTest" time="0.109">
    <system-out><![CDATA[15:18:28,937 |-INFO in ch.qos.logback.classic.LoggerContext[default] - This is logback-classic version 1.5.19
15:18:28,937 |-INFO in ch.qos.logback.classic.LoggerContext[default] - This is logback-core version 1.5.18
15:18:28,937 |-WARN in ch.qos.logback.classic.LoggerContext[default] - Versions of logback-core and logback-classic are different!
15:18:28,939 |-INFO in ch.qos.logback.classic.util.ContextInitializer@3f1ed068 - Here is a list of configurators discovered as a service, by rank: 
15:18:28,939 |-INFO in ch.qos.logback.classic.util.ContextInitializer@3f1ed068 -   org.springframework.boot.logging.logback.RootLogLevelConfigurator
15:18:28,939 |-INFO in ch.qos.logback.classic.util.ContextInitializer@3f1ed068 - They will be invoked in order until ExecutionStatus.DO_NOT_INVOKE_NEXT_IF_ANY is returned.
15:18:28,939 |-INFO in ch.qos.logback.classic.util.ContextInitializer@3f1ed068 - Constructed configurator of type class org.springframework.boot.logging.logback.RootLogLevelConfigurator
15:18:28,944 |-INFO in ch.qos.logback.classic.util.ContextInitializer@3f1ed068 - org.springframework.boot.logging.logback.RootLogLevelConfigurator.configure() call lasted 0 milliseconds. ExecutionStatus=INVOKE_NEXT_IF_ANY
15:18:28,944 |-INFO in ch.qos.logback.classic.util.ContextInitializer@3f1ed068 - Trying to configure with ch.qos.logback.classic.joran.SerializedModelConfigurator
15:18:28,945 |-INFO in ch.qos.logback.classic.util.ContextInitializer@3f1ed068 - Constructed configurator of type class ch.qos.logback.classic.joran.SerializedModelConfigurator
15:18:28,947 |-INFO in ch.qos.logback.classic.LoggerContext[default] - Could NOT find resource [logback-test.scmo]
15:18:28,947 |-INFO in ch.qos.logback.classic.LoggerContext[default] - Could NOT find resource [logback.scmo]
15:18:28,947 |-INFO in ch.qos.logback.classic.util.ContextInitializer@3f1ed068 - ch.qos.logback.classic.joran.SerializedModelConfigurator.configure() call lasted 2 milliseconds. ExecutionStatus=INVOKE_NEXT_IF_ANY
15:18:28,947 |-INFO in ch.qos.logback.classic.util.ContextInitializer@3f1ed068 - Trying to configure with ch.qos.logback.classic.util.DefaultJoranConfigurator
15:18:28,947 |-INFO in ch.qos.logback.classic.util.ContextInitializer@3f1ed068 - Constructed configurator of type class ch.qos.logback.classic.util.DefaultJoranConfigurator
15:18:28,948 |-INFO in ch.qos.logback.classic.LoggerContext[default] - Could NOT find resource [logback-test.xml]
15:18:28,948 |-INFO in ch.qos.logback.classic.LoggerContext[default] - Could NOT find resource [logback.xml]
15:18:28,948 |-INFO in ch.qos.logback.classic.util.ContextInitializer@3f1ed068 - ch.qos.logback.classic.util.DefaultJoranConfigurator.configure() call lasted 1 milliseconds. ExecutionStatus=INVOKE_NEXT_IF_ANY
15:18:28,948 |-INFO in ch.qos.logback.classic.util.ContextInitializer@3f1ed068 - Trying to configure with ch.qos.logback.classic.BasicConfigurator
15:18:28,949 |-INFO in ch.qos.logback.classic.util.ContextInitializer@3f1ed068 - Constructed configurator of type class ch.qos.logback.classic.BasicConfigurator
15:18:28,949 |-INFO in ch.qos.logback.classic.BasicConfigurator@753aca85 - Setting up default configuration.
15:18:28,952 |-INFO in ch.qos.logback.core.ConsoleAppender[console] - BEWARE: Writing to the console can be very slow. Avoid logging to the 
15:18:28,952 |-INFO in ch.qos.logback.core.ConsoleAppender[console] - console in production environments, especially in high volume systems.
15:18:28,952 |-INFO in ch.qos.logback.core.ConsoleAppender[console] - See also https://logback.qos.ch/codes.html#slowConsole
15:18:28,953 |-INFO in ch.qos.logback.classic.util.ContextInitializer@3f1ed068 - ch.qos.logback.classic.BasicConfigurator.configure() call lasted 4 milliseconds. ExecutionStatus=NEUTRAL

]]></system-out>
  </testcase>
  <testcase name="testProcessMessageSuccess" classname="com.atelierlocal.controller.MessageControllerTest" time="0.013">
    <system-out><![CDATA[15:18:28.965 [main] INFO com.atelierlocal.controller.MessageController -- Réception d'un message de ed9983ab-174e-40a2-b045-eccf8795bb35 à b3c3d1df-30e9-498e-ab82-66de4a250c7f
15:18:28.971 [main] INFO com.atelierlocal.controller.MessageController -- Message envoyé à b3c3d1df-30e9-498e-ab82-66de4a250c7f via WebSocket
]]></system-out>
  </testcase>
  <testcase name="testProcessMessageException" classname="com.atelierlocal.controller.MessageControllerTest" time="0.009">
    <system-out><![CDATA[15:18:28.978 [main] INFO com.atelierlocal.controller.MessageController -- Réception d'un message de 897f93bf-15ff-43fb-8a75-01180866edb8 à 1cbff58f-3dfd-4997-917e-5d42bb1e88c5
15:18:28.979 [main] ERROR com.atelierlocal.controller.MessageController -- Erreur lors du traitement du message : Service down
java.lang.RuntimeException: Service down
	at com.atelierlocal.service.MessageService.sendMessage(MessageService.java:47)
	at com.atelierlocal.controller.MessageController.processMessage(MessageController.java:49)
	at com.atelierlocal.controller.MessageControllerTest.testProcessMessageException(MessageControllerTest.java:74)
	at java.base/jdk.internal.reflect.DirectMethodHandleAccessor.invoke(DirectMethodHandleAccessor.java:103)
	at java.base/java.lang.reflect.Method.invoke(Method.java:580)
	at org.junit.platform.commons.util.ReflectionUtils.invokeMethod(ReflectionUtils.java:775)
	at org.junit.platform.commons.support.ReflectionSupport.invokeMethod(ReflectionSupport.java:479)
	at org.junit.jupiter.engine.execution.MethodInvocation.proceed(MethodInvocation.java:60)
	at org.junit.jupiter.engine.execution.InvocationInterceptorChain$ValidatingInvocation.proceed(InvocationInterceptorChain.java:131)
	at org.junit.jupiter.engine.extension.TimeoutExtension.intercept(TimeoutExtension.java:161)
	at org.junit.jupiter.engine.extension.TimeoutExtension.interceptTestableMethod(TimeoutExtension.java:152)
	at org.junit.jupiter.engine.extension.TimeoutExtension.interceptTestMethod(TimeoutExtension.java:91)
	at org.junit.jupiter.engine.execution.InterceptingExecutableInvoker$ReflectiveInterceptorCall.lambda$ofVoidMethod$0(InterceptingExecutableInvoker.java:112)
	at org.junit.jupiter.engine.execution.InterceptingExecutableInvoker.lambda$invoke$0(InterceptingExecutableInvoker.java:94)
	at org.junit.jupiter.engine.execution.InvocationInterceptorChain$InterceptedInvocation.proceed(InvocationInterceptorChain.java:106)
	at org.junit.jupiter.engine.execution.InvocationInterceptorChain.proceed(InvocationInterceptorChain.java:64)
	at org.junit.jupiter.engine.execution.InvocationInterceptorChain.chainAndInvoke(InvocationInterceptorChain.java:45)
	at org.junit.jupiter.engine.execution.InvocationInterceptorChain.invoke(InvocationInterceptorChain.java:37)
	at org.junit.jupiter.engine.execution.InterceptingExecutableInvoker.invoke(InterceptingExecutableInvoker.java:93)
	at org.junit.jupiter.engine.execution.InterceptingExecutableInvoker.invoke(InterceptingExecutableInvoker.java:87)
	at org.junit.jupiter.engine.descriptor.TestMethodTestDescriptor.lambda$invokeTestMethod$7(TestMethodTestDescriptor.java:216)
	at org.junit.platform.engine.support.hierarchical.ThrowableCollector.execute(ThrowableCollector.java:73)
	at org.junit.jupiter.engine.descriptor.TestMethodTestDescriptor.invokeTestMethod(TestMethodTestDescriptor.java:212)
	at org.junit.jupiter.engine.descriptor.TestMethodTestDescriptor.execute(TestMethodTestDescriptor.java:137)
	at org.junit.jupiter.engine.descriptor.TestMethodTestDescriptor.execute(TestMethodTestDescriptor.java:69)
	at org.junit.platform.engine.support.hierarchical.NodeTestTask.lambda$executeRecursively$6(NodeTestTask.java:156)
	at org.junit.platform.engine.support.hierarchical.ThrowableCollector.execute(ThrowableCollector.java:73)
	at org.junit.platform.engine.support.hierarchical.NodeTestTask.lambda$executeRecursively$8(NodeTestTask.java:146)
	at org.junit.platform.engine.support.hierarchical.Node.around(Node.java:137)
	at org.junit.platform.engine.support.hierarchical.NodeTestTask.lambda$executeRecursively$9(NodeTestTask.java:144)
	at org.junit.platform.engine.support.hierarchical.ThrowableCollector.execute(ThrowableCollector.java:73)
	at org.junit.platform.engine.support.hierarchical.NodeTestTask.executeRecursively(NodeTestTask.java:143)
	at org.junit.platform.engine.support.hierarchical.NodeTestTask.execute(NodeTestTask.java:100)
	at java.base/java.util.ArrayList.forEach(ArrayList.java:1596)
	at org.junit.platform.engine.support.hierarchical.SameThreadHierarchicalTestExecutorService.invokeAll(SameThreadHierarchicalTestExecutorService.java:41)
	at org.junit.platform.engine.support.hierarchical.NodeTestTask.lambda$executeRecursively$6(NodeTestTask.java:160)
	at org.junit.platform.engine.support.hierarchical.ThrowableCollector.execute(ThrowableCollector.java:73)
	at org.junit.platform.engine.support.hierarchical.NodeTestTask.lambda$executeRecursively$8(NodeTestTask.java:146)
	at org.junit.platform.engine.support.hierarchical.Node.around(Node.java:137)
	at org.junit.platform.engine.support.hierarchical.NodeTestTask.lambda$executeRecursively$9(NodeTestTask.java:144)
	at org.junit.platform.engine.support.hierarchical.ThrowableCollector.execute(ThrowableCollector.java:73)
	at org.junit.platform.engine.support.hierarchical.NodeTestTask.executeRecursively(NodeTestTask.java:143)
	at org.junit.platform.engine.support.hierarchical.NodeTestTask.execute(NodeTestTask.java:100)
	at java.base/java.util.ArrayList.forEach(ArrayList.java:1596)
	at org.junit.platform.engine.support.hierarchical.SameThreadHierarchicalTestExecutorService.invokeAll(SameThreadHierarchicalTestExecutorService.java:41)
	at org.junit.platform.engine.support.hierarchical.NodeTestTask.lambda$executeRecursively$6(NodeTestTask.java:160)
	at org.junit.platform.engine.support.hierarchical.ThrowableCollector.execute(ThrowableCollector.java:73)
	at org.junit.platform.engine.support.hierarchical.NodeTestTask.lambda$executeRecursively$8(NodeTestTask.java:146)
	at org.junit.platform.engine.support.hierarchical.Node.around(Node.java:137)
	at org.junit.platform.engine.support.hierarchical.NodeTestTask.lambda$executeRecursively$9(NodeTestTask.java:144)
	at org.junit.platform.engine.support.hierarchical.ThrowableCollector.execute(ThrowableCollector.java:73)
	at org.junit.platform.engine.support.hierarchical.NodeTestTask.executeRecursively(NodeTestTask.java:143)
	at org.junit.platform.engine.support.hierarchical.NodeTestTask.execute(NodeTestTask.java:100)
	at org.junit.platform.engine.support.hierarchical.SameThreadHierarchicalTestExecutorService.submit(SameThreadHierarchicalTestExecutorService.java:35)
	at org.junit.platform.engine.support.hierarchical.HierarchicalTestExecutor.execute(HierarchicalTestExecutor.java:57)
	at org.junit.platform.engine.support.hierarchical.HierarchicalTestEngine.execute(HierarchicalTestEngine.java:54)
	at org.junit.platform.launcher.core.EngineExecutionOrchestrator.execute(EngineExecutionOrchestrator.java:201)
	at org.junit.platform.launcher.core.EngineExecutionOrchestrator.execute(EngineExecutionOrchestrator.java:170)
	at org.junit.platform.launcher.core.EngineExecutionOrchestrator.execute(EngineExecutionOrchestrator.java:94)
	at org.junit.platform.launcher.core.EngineExecutionOrchestrator.lambda$execute$0(EngineExecutionOrchestrator.java:59)
	at org.junit.platform.launcher.core.EngineExecutionOrchestrator.withInterceptedStreams(EngineExecutionOrchestrator.java:142)
	at org.junit.platform.launcher.core.EngineExecutionOrchestrator.execute(EngineExecutionOrchestrator.java:58)
	at org.junit.platform.launcher.core.DefaultLauncher.execute(DefaultLauncher.java:103)
	at org.junit.platform.launcher.core.DefaultLauncher.execute(DefaultLauncher.java:85)
	at org.junit.platform.launcher.core.DelegatingLauncher.execute(DelegatingLauncher.java:47)
	at org.junit.platform.launcher.core.InterceptingLauncher.lambda$execute$1(InterceptingLauncher.java:39)
	at org.junit.platform.launcher.core.ClasspathAlignmentCheckingLauncherInterceptor.intercept(ClasspathAlignmentCheckingLauncherInterceptor.java:25)
	at org.junit.platform.launcher.core.InterceptingLauncher.execute(InterceptingLauncher.java:38)
	at org.junit.platform.launcher.core.DelegatingLauncher.execute(DelegatingLauncher.java:47)
	at org.apache.maven.surefire.junitplatform.LauncherAdapter.executeWithoutCancellationToken(LauncherAdapter.java:60)
	at org.apache.maven.surefire.junitplatform.LauncherAdapter.execute(LauncherAdapter.java:52)
	at org.apache.maven.surefire.junitplatform.JUnitPlatformProvider.execute(JUnitPlatformProvider.java:203)
	at org.apache.maven.surefire.junitplatform.JUnitPlatformProvider.invokeAllTests(JUnitPlatformProvider.java:168)
	at org.apache.maven.surefire.junitplatform.JUnitPlatformProvider.invoke(JUnitPlatformProvider.java:136)
	at org.apache.maven.surefire.booter.ForkedBooter.runSuitesInProcess(ForkedBooter.java:385)
	at org.apache.maven.surefire.booter.ForkedBooter.execute(ForkedBooter.java:162)
	at org.apache.maven.surefire.booter.ForkedBooter.run(ForkedBooter.java:507)
	at org.apache.maven.surefire.booter.ForkedBooter.main(ForkedBooter.java:495)
]]></system-out>
  </testcase>
  <testcase name="testGetHistoryUnauthorized" classname="com.atelierlocal.controller.MessageControllerTest" time="0.008"/>
</testsuite>