<?xml version="1.0" encoding="UTF-8"?>
<testsuite xmlns:xsi="http://www.w3.org/2001/XMLSchema-instance" xsi:noNamespaceSchemaLocation="https://maven.apache.org/surefire/maven-surefire-plugin/xsd/surefire-test-report.xsd" version="3.0.2" name="com.atelierlocal.service.ClientServiceTest" time="0.131" tests="6" errors="0" skipped="0" failures="0">
  <properties>
    <property name="java.specification.version" value="21"/>
    <property name="sun.jnu.encoding" value="UTF-8"/>
    <property name="java.class.path" value="/home/valentin/portfolio-project/backend/target/test-classes:/home/valentin/portfolio-project/backend/target/classes:/home/valentin/.m2/repository/org/springdoc/springdoc-openapi-starter-webmvc-ui/2.6.0/springdoc-openapi-starter-webmvc-ui-2.6.0.jar:/home/valentin/.m2/repository/org/springdoc/springdoc-openapi-starter-webmvc-api/2.6.0/springdoc-openapi-starter-webmvc-api-2.6.0.jar:/home/valentin/.m2/repository/org/springdoc/springdoc-openapi-starter-common/2.6.0/springdoc-openapi-starter-common-2.6.0.jar:/home/valentin/.m2/repository/io/swagger/core/v3/swagger-core-jakarta/2.2.22/swagger-core-jakarta-2.2.22.jar:/home/valentin/.m2/repository/org/apache/commons/commons-lang3/3.17.0/commons-lang3-3.17.0.jar:/home/valentin/.m2/repository/io/swagger/core/v3/swagger-annotations-jakarta/2.2.22/swagger-annotations-jakarta-2.2.22.jar:/home/valentin/.m2/repository/io/swagger/core/v3/swagger-models-jakarta/2.2.22/swagger-models-jakarta-2.2.22.jar:/home/valentin/.m2/repository/jakarta/validation/jakarta.validation-api/3.0.2/jakarta.validation-api-3.0.2.jar:/home/valentin/.m2/repository/com/fasterxml/jackson/dataformat/jackson-dataformat-yaml/2.19.2/jackson-dataformat-yaml-2.19.2.jar:/home/valentin/.m2/repository/org/webjars/swagger-ui/5.17.14/swagger-ui-5.17.14.jar:/home/valentin/.m2/repository/org/springframework/boot/spring-boot-starter-web/3.5.5/spring-boot-starter-web-3.5.5.jar:/home/valentin/.m2/repository/org/springframework/boot/spring-boot-starter/3.5.5/spring-boot-starter-3.5.5.jar:/home/valentin/.m2/repository/org/springframework/boot/spring-boot/3.5.5/spring-boot-3.5.5.jar:/home/valentin/.m2/repository/org/springframework/boot/spring-boot-autoconfigure/3.5.5/spring-boot-autoconfigure-3.5.5.jar:/home/valentin/.m2/repository/org/springframework/boot/spring-boot-starter-logging/3.5.5/spring-boot-starter-logging-3.5.5.jar:/home/valentin/.m2/repository/ch/qos/logback/logback-classic/1.5.18/logback-classic-1.5.18.jar:/home/valentin/.m2/repository/ch/qos/logback/logback-core/1.5.18/logback-core-1.5.18.jar:/home/valentin/.m2/repository/org/apache/logging/log4j/log4j-to-slf4j/2.24.3/log4j-to-slf4j-2.24.3.jar:/home/valentin/.m2/repository/org/apache/logging/log4j/log4j-api/2.24.3/log4j-api-2.24.3.jar:/home/valentin/.m2/repository/org/slf4j/jul-to-slf4j/2.0.17/jul-to-slf4j-2.0.17.jar:/home/valentin/.m2/repository/jakarta/annotation/jakarta.annotation-api/2.1.1/jakarta.annotation-api-2.1.1.jar:/home/valentin/.m2/repository/org/yaml/snakeyaml/2.4/snakeyaml-2.4.jar:/home/valentin/.m2/repository/org/springframework/boot/spring-boot-starter-json/3.5.5/spring-boot-starter-json-3.5.5.jar:/home/valentin/.m2/repository/com/fasterxml/jackson/datatype/jackson-datatype-jdk8/2.19.2/jackson-datatype-jdk8-2.19.2.jar:/home/valentin/.m2/repository/com/fasterxml/jackson/datatype/jackson-datatype-jsr310/2.19.2/jackson-datatype-jsr310-2.19.2.jar:/home/valentin/.m2/repository/com/fasterxml/jackson/module/jackson-module-parameter-names/2.19.2/jackson-module-parameter-names-2.19.2.jar:/home/valentin/.m2/repository/org/springframework/boot/spring-boot-starter-tomcat/3.5.5/spring-boot-starter-tomcat-3.5.5.jar:/home/valentin/.m2/repository/org/apache/tomcat/embed/tomcat-embed-core/10.1.44/tomcat-embed-core-10.1.44.jar:/home/valentin/.m2/repository/org/apache/tomcat/embed/tomcat-embed-el/10.1.44/tomcat-embed-el-10.1.44.jar:/home/valentin/.m2/repository/org/apache/tomcat/embed/tomcat-embed-websocket/10.1.44/tomcat-embed-websocket-10.1.44.jar:/home/valentin/.m2/repository/org/springframework/spring-web/6.2.10/spring-web-6.2.10.jar:/home/valentin/.m2/repository/org/springframework/spring-beans/6.2.10/spring-beans-6.2.10.jar:/home/valentin/.m2/repository/io/micrometer/micrometer-observation/1.15.3/micrometer-observation-1.15.3.jar:/home/valentin/.m2/repository/io/micrometer/micrometer-commons/1.15.3/micrometer-commons-1.15.3.jar:/home/valentin/.m2/repository/org/springframework/spring-webmvc/6.2.10/spring-webmvc-6.2.10.jar:/home/valentin/.m2/repository/org/springframework/spring-context/6.2.10/spring-context-6.2.10.jar:/home/valentin/.m2/repository/org/springframework/spring-expression/6.2.10/spring-expression-6.2.10.jar:/home/valentin/.m2/repository/org/springframework/boot/spring-boot-starter-data-jpa/3.5.5/spring-boot-starter-data-jpa-3.5.5.jar:/home/valentin/.m2/repository/org/springframework/boot/spring-boot-starter-jdbc/3.5.5/spring-boot-starter-jdbc-3.5.5.jar:/home/valentin/.m2/repository/com/zaxxer/HikariCP/6.3.2/HikariCP-6.3.2.jar:/home/valentin/.m2/repository/org/springframework/spring-jdbc/6.2.10/spring-jdbc-6.2.10.jar:/home/valentin/.m2/repository/org/hibernate/orm/hibernate-core/6.6.26.Final/hibernate-core-6.6.26.Final.jar:/home/valentin/.m2/repository/jakarta/persistence/jakarta.persistence-api/3.1.0/jakarta.persistence-api-3.1.0.jar:/home/valentin/.m2/repository/jakarta/transaction/jakarta.transaction-api/2.0.1/jakarta.transaction-api-2.0.1.jar:/home/valentin/.m2/repository/org/jboss/logging/jboss-logging/3.6.1.Final/jboss-logging-3.6.1.Final.jar:/home/valentin/.m2/repository/org/hibernate/common/hibernate-commons-annotations/7.0.3.Final/hibernate-commons-annotations-7.0.3.Final.jar:/home/valentin/.m2/repository/io/smallrye/jandex/3.2.0/jandex-3.2.0.jar:/home/valentin/.m2/repository/com/fasterxml/classmate/1.7.0/classmate-1.7.0.jar:/home/valentin/.m2/repository/net/bytebuddy/byte-buddy/1.17.7/byte-buddy-1.17.7.jar:/home/valentin/.m2/repository/org/glassfish/jaxb/jaxb-runtime/4.0.5/jaxb-runtime-4.0.5.jar:/home/valentin/.m2/repository/org/glassfish/jaxb/jaxb-core/4.0.5/jaxb-core-4.0.5.jar:/home/valentin/.m2/repository/org/eclipse/angus/angus-activation/2.0.2/angus-activation-2.0.2.jar:/home/valentin/.m2/repository/org/glassfish/jaxb/txw2/4.0.5/txw2-4.0.5.jar:/home/valentin/.m2/repository/com/sun/istack/istack-commons-runtime/4.1.2/istack-commons-runtime-4.1.2.jar:/home/valentin/.m2/repository/jakarta/inject/jakarta.inject-api/2.0.1/jakarta.inject-api-2.0.1.jar:/home/valentin/.m2/repository/org/antlr/antlr4-runtime/4.13.0/antlr4-runtime-4.13.0.jar:/home/valentin/.m2/repository/org/springframework/data/spring-data-jpa/3.5.3/spring-data-jpa-3.5.3.jar:/home/valentin/.m2/repository/org/springframework/data/spring-data-commons/3.5.3/spring-data-commons-3.5.3.jar:/home/valentin/.m2/repository/org/springframework/spring-orm/6.2.10/spring-orm-6.2.10.jar:/home/valentin/.m2/repository/org/springframework/spring-tx/6.2.10/spring-tx-6.2.10.jar:/home/valentin/.m2/repository/org/springframework/spring-aspects/6.2.10/spring-aspects-6.2.10.jar:/home/valentin/.m2/repository/org/aspectj/aspectjweaver/1.9.24/aspectjweaver-1.9.24.jar:/home/valentin/.m2/repository/org/postgresql/postgresql/42.7.7/postgresql-42.7.7.jar:/home/valentin/.m2/repository/org/checkerframework/checker-qual/3.49.3/checker-qual-3.49.3.jar:/home/valentin/.m2/repository/org/springframework/boot/spring-boot-starter-security/3.5.5/spring-boot-starter-security-3.5.5.jar:/home/valentin/.m2/repository/org/springframework/spring-aop/6.2.10/spring-aop-6.2.10.jar:/home/valentin/.m2/repository/org/springframework/security/spring-security-config/6.5.3/spring-security-config-6.5.3.jar:/home/valentin/.m2/repository/org/springframework/security/spring-security-web/6.5.3/spring-security-web-6.5.3.jar:/home/valentin/.m2/repository/org/springframework/boot/spring-boot-starter-websocket/3.5.5/spring-boot-starter-websocket-3.5.5.jar:/home/valentin/.m2/repository/org/springframework/spring-messaging/6.2.10/spring-messaging-6.2.10.jar:/home/valentin/.m2/repository/org/springframework/spring-websocket/6.2.10/spring-websocket-6.2.10.jar:/home/valentin/.m2/repository/io/jsonwebtoken/jjwt-api/0.11.5/jjwt-api-0.11.5.jar:/home/valentin/.m2/repository/io/jsonwebtoken/jjwt-impl/0.11.5/jjwt-impl-0.11.5.jar:/home/valentin/.m2/repository/io/jsonwebtoken/jjwt-jackson/0.11.5/jjwt-jackson-0.11.5.jar:/home/valentin/.m2/repository/com/fasterxml/jackson/core/jackson-databind/2.19.2/jackson-databind-2.19.2.jar:/home/valentin/.m2/repository/com/fasterxml/jackson/core/jackson-annotations/2.19.2/jackson-annotations-2.19.2.jar:/home/valentin/.m2/repository/com/fasterxml/jackson/core/jackson-core/2.19.2/jackson-core-2.19.2.jar:/home/valentin/.m2/repository/de/mkammerer/argon2-jvm/2.12/argon2-jvm-2.12.jar:/home/valentin/.m2/repository/de/mkammerer/argon2-jvm-nolibs/2.12/argon2-jvm-nolibs-2.12.jar:/home/valentin/.m2/repository/net/java/dev/jna/jna/5.16.0/jna-5.16.0.jar:/home/valentin/.m2/repository/software/amazon/awssdk/s3/2.33.1/s3-2.33.1.jar:/home/valentin/.m2/repository/software/amazon/awssdk/aws-xml-protocol/2.33.1/aws-xml-protocol-2.33.1.jar:/home/valentin/.m2/repository/software/amazon/awssdk/aws-query-protocol/2.33.1/aws-query-protocol-2.33.1.jar:/home/valentin/.m2/repository/software/amazon/awssdk/protocol-core/2.33.1/protocol-core-2.33.1.jar:/home/valentin/.m2/repository/software/amazon/awssdk/arns/2.33.1/arns-2.33.1.jar:/home/valentin/.m2/repository/software/amazon/awssdk/profiles/2.33.1/profiles-2.33.1.jar:/home/valentin/.m2/repository/software/amazon/awssdk/crt-core/2.33.1/crt-core-2.33.1.jar:/home/valentin/.m2/repository/software/amazon/awssdk/http-auth/2.33.1/http-auth-2.33.1.jar:/home/valentin/.m2/repository/software/amazon/awssdk/identity-spi/2.33.1/identity-spi-2.33.1.jar:/home/valentin/.m2/repository/software/amazon/awssdk/http-auth-spi/2.33.1/http-auth-spi-2.33.1.jar:/home/valentin/.m2/repository/org/reactivestreams/reactive-streams/1.0.4/reactive-streams-1.0.4.jar:/home/valentin/.m2/repository/software/amazon/awssdk/http-auth-aws/2.33.1/http-auth-aws-2.33.1.jar:/home/valentin/.m2/repository/software/amazon/awssdk/checksums/2.33.1/checksums-2.33.1.jar:/home/valentin/.m2/repository/software/amazon/awssdk/checksums-spi/2.33.1/checksums-spi-2.33.1.jar:/home/valentin/.m2/repository/software/amazon/awssdk/retries-spi/2.33.1/retries-spi-2.33.1.jar:/home/valentin/.m2/repository/software/amazon/awssdk/sdk-core/2.33.1/sdk-core-2.33.1.jar:/home/valentin/.m2/repository/software/amazon/awssdk/retries/2.33.1/retries-2.33.1.jar:/home/valentin/.m2/repository/software/amazon/awssdk/auth/2.33.1/auth-2.33.1.jar:/home/valentin/.m2/repository/software/amazon/awssdk/http-auth-aws-eventstream/2.33.1/http-auth-aws-eventstream-2.33.1.jar:/home/valentin/.m2/repository/software/amazon/eventstream/eventstream/1.0.1/eventstream-1.0.1.jar:/home/valentin/.m2/repository/software/amazon/awssdk/http-client-spi/2.33.1/http-client-spi-2.33.1.jar:/home/valentin/.m2/repository/software/amazon/awssdk/annotations/2.33.1/annotations-2.33.1.jar:/home/valentin/.m2/repository/software/amazon/awssdk/utils/2.33.1/utils-2.33.1.jar:/home/valentin/.m2/repository/software/amazon/awssdk/aws-core/2.33.1/aws-core-2.33.1.jar:/home/valentin/.m2/repository/software/amazon/awssdk/metrics-spi/2.33.1/metrics-spi-2.33.1.jar:/home/valentin/.m2/repository/software/amazon/awssdk/json-utils/2.33.1/json-utils-2.33.1.jar:/home/valentin/.m2/repository/software/amazon/awssdk/third-party-jackson-core/2.33.1/third-party-jackson-core-2.33.1.jar:/home/valentin/.m2/repository/software/amazon/awssdk/endpoints-spi/2.33.1/endpoints-spi-2.33.1.jar:/home/valentin/.m2/repository/software/amazon/awssdk/apache-client/2.33.1/apache-client-2.33.1.jar:/home/valentin/.m2/repository/org/apache/httpcomponents/httpclient/4.5.13/httpclient-4.5.13.jar:/home/valentin/.m2/repository/commons-logging/commons-logging/1.2/commons-logging-1.2.jar:/home/valentin/.m2/repository/org/apache/httpcomponents/httpcore/4.4.16/httpcore-4.4.16.jar:/home/valentin/.m2/repository/commons-codec/commons-codec/1.18.0/commons-codec-1.18.0.jar:/home/valentin/.m2/repository/software/amazon/awssdk/netty-nio-client/2.33.1/netty-nio-client-2.33.1.jar:/home/valentin/.m2/repository/io/netty/netty-codec-http/4.1.124.Final/netty-codec-http-4.1.124.Final.jar:/home/valentin/.m2/repository/io/netty/netty-codec-http2/4.1.124.Final/netty-codec-http2-4.1.124.Final.jar:/home/valentin/.m2/repository/io/netty/netty-codec/4.1.124.Final/netty-codec-4.1.124.Final.jar:/home/valentin/.m2/repository/io/netty/netty-transport/4.1.124.Final/netty-transport-4.1.124.Final.jar:/home/valentin/.m2/repository/io/netty/netty-common/4.1.124.Final/netty-common-4.1.124.Final.jar:/home/valentin/.m2/repository/io/netty/netty-buffer/4.1.124.Final/netty-buffer-4.1.124.Final.jar:/home/valentin/.m2/repository/io/netty/netty-handler/4.1.124.Final/netty-handler-4.1.124.Final.jar:/home/valentin/.m2/repository/io/netty/netty-transport-native-unix-common/4.1.124.Final/netty-transport-native-unix-common-4.1.124.Final.jar:/home/valentin/.m2/repository/io/netty/netty-transport-classes-epoll/4.1.124.Final/netty-transport-classes-epoll-4.1.124.Final.jar:/home/valentin/.m2/repository/io/netty/netty-resolver/4.1.124.Final/netty-resolver-4.1.124.Final.jar:/home/valentin/.m2/repository/software/amazon/awssdk/regions/2.34.7/regions-2.34.7.jar:/home/valentin/.m2/repository/org/slf4j/slf4j-api/2.0.17/slf4j-api-2.0.17.jar:/home/valentin/.m2/repository/org/springframework/boot/spring-boot-starter-test/3.5.5/spring-boot-starter-test-3.5.5.jar:/home/valentin/.m2/repository/org/springframework/boot/spring-boot-test/3.5.5/spring-boot-test-3.5.5.jar:/home/valentin/.m2/repository/org/springframework/boot/spring-boot-test-autoconfigure/3.5.5/spring-boot-test-autoconfigure-3.5.5.jar:/home/valentin/.m2/repository/com/jayway/jsonpath/json-path/2.9.0/json-path-2.9.0.jar:/home/valentin/.m2/repository/jakarta/xml/bind/jakarta.xml.bind-api/4.0.2/jakarta.xml.bind-api-4.0.2.jar:/home/valentin/.m2/repository/jakarta/activation/jakarta.activation-api/2.1.3/jakarta.activation-api-2.1.3.jar:/home/valentin/.m2/repository/net/minidev/json-smart/2.5.2/json-smart-2.5.2.jar:/home/valentin/.m2/repository/net/minidev/accessors-smart/2.5.2/accessors-smart-2.5.2.jar:/home/valentin/.m2/repository/org/ow2/asm/asm/9.7.1/asm-9.7.1.jar:/home/valentin/.m2/repository/org/assertj/assertj-core/3.27.4/assertj-core-3.27.4.jar:/home/valentin/.m2/repository/org/awaitility/awaitility/4.2.2/awaitility-4.2.2.jar:/home/valentin/.m2/repository/org/hamcrest/hamcrest/3.0/hamcrest-3.0.jar:/home/valentin/.m2/repository/org/junit/jupiter/junit-jupiter/5.12.2/junit-jupiter-5.12.2.jar:/home/valentin/.m2/repository/org/junit/jupiter/junit-jupiter-api/5.12.2/junit-jupiter-api-5.12.2.jar:/home/valentin/.m2/repository/org/opentest4j/opentest4j/1.3.0/opentest4j-1.3.0.jar:/home/valentin/.m2/repository/org/junit/platform/junit-platform-commons/1.12.2/junit-platform-commons-1.12.2.jar:/home/valentin/.m2/repository/org/apiguardian/apiguardian-api/1.1.2/apiguardian-api-1.1.2.jar:/home/valentin/.m2/repository/org/junit/jupiter/junit-jupiter-params/5.12.2/junit-jupiter-params-5.12.2.jar:/home/valentin/.m2/repository/org/junit/jupiter/junit-jupiter-engine/5.12.2/junit-jupiter-engine-5.12.2.jar:/home/valentin/.m2/repository/org/junit/platform/junit-platform-engine/1.12.2/junit-platform-engine-1.12.2.jar:/home/valentin/.m2/repository/org/mockito/mockito-core/5.17.0/mockito-core-5.17.0.jar:/home/valentin/.m2/repository/net/bytebuddy/byte-buddy-agent/1.17.7/byte-buddy-agent-1.17.7.jar:/home/valentin/.m2/repository/org/objenesis/objenesis/3.3/objenesis-3.3.jar:/home/valentin/.m2/repository/org/mockito/mockito-junit-jupiter/5.17.0/mockito-junit-jupiter-5.17.0.jar:/home/valentin/.m2/repository/org/skyscreamer/jsonassert/1.5.3/jsonassert-1.5.3.jar:/home/valentin/.m2/repository/com/vaadin/external/google/android-json/0.0.20131108.vaadin1/android-json-0.0.20131108.vaadin1.jar:/home/valentin/.m2/repository/org/springframework/spring-core/6.2.10/spring-core-6.2.10.jar:/home/valentin/.m2/repository/org/springframework/spring-jcl/6.2.10/spring-jcl-6.2.10.jar:/home/valentin/.m2/repository/org/springframework/spring-test/6.2.10/spring-test-6.2.10.jar:/home/valentin/.m2/repository/org/xmlunit/xmlunit-core/2.10.3/xmlunit-core-2.10.3.jar:/home/valentin/.m2/repository/org/springframework/security/spring-security-test/6.5.3/spring-security-test-6.5.3.jar:/home/valentin/.m2/repository/org/springframework/security/spring-security-core/6.5.3/spring-security-core-6.5.3.jar:/home/valentin/.m2/repository/org/springframework/security/spring-security-crypto/6.5.3/spring-security-crypto-6.5.3.jar:"/>
    <property name="java.vm.vendor" value="Ubuntu"/>
    <property name="sun.arch.data.model" value="64"/>
    <property name="java.vendor.url" value="https://ubuntu.com/"/>
    <property name="user.timezone" value="Europe/Paris"/>
    <property name="os.name" value="Linux"/>
    <property name="java.vm.specification.version" value="21"/>
    <property name="sun.java.launcher" value="SUN_STANDARD"/>
    <property name="sun.boot.library.path" value="/usr/lib/jvm/java-21-openjdk-amd64/lib"/>
    <property name="sun.java.command" value="/home/valentin/portfolio-project/backend/target/surefire/surefirebooter-20251001235127462_3.jar /home/valentin/portfolio-project/backend/target/surefire 2025-10-01T23-51-27_395-jvmRun1 surefire-20251001235127462_1tmp surefire_0-20251001235127462_2tmp"/>
    <property name="jdk.debug" value="release"/>
    <property name="surefire.test.class.path" value="/home/valentin/portfolio-project/backend/target/test-classes:/home/valentin/portfolio-project/backend/target/classes:/home/valentin/.m2/repository/org/springdoc/springdoc-openapi-starter-webmvc-ui/2.6.0/springdoc-openapi-starter-webmvc-ui-2.6.0.jar:/home/valentin/.m2/repository/org/springdoc/springdoc-openapi-starter-webmvc-api/2.6.0/springdoc-openapi-starter-webmvc-api-2.6.0.jar:/home/valentin/.m2/repository/org/springdoc/springdoc-openapi-starter-common/2.6.0/springdoc-openapi-starter-common-2.6.0.jar:/home/valentin/.m2/repository/io/swagger/core/v3/swagger-core-jakarta/2.2.22/swagger-core-jakarta-2.2.22.jar:/home/valentin/.m2/repository/org/apache/commons/commons-lang3/3.17.0/commons-lang3-3.17.0.jar:/home/valentin/.m2/repository/io/swagger/core/v3/swagger-annotations-jakarta/2.2.22/swagger-annotations-jakarta-2.2.22.jar:/home/valentin/.m2/repository/io/swagger/core/v3/swagger-models-jakarta/2.2.22/swagger-models-jakarta-2.2.22.jar:/home/valentin/.m2/repository/jakarta/validation/jakarta.validation-api/3.0.2/jakarta.validation-api-3.0.2.jar:/home/valentin/.m2/repository/com/fasterxml/jackson/dataformat/jackson-dataformat-yaml/2.19.2/jackson-dataformat-yaml-2.19.2.jar:/home/valentin/.m2/repository/org/webjars/swagger-ui/5.17.14/swagger-ui-5.17.14.jar:/home/valentin/.m2/repository/org/springframework/boot/spring-boot-starter-web/3.5.5/spring-boot-starter-web-3.5.5.jar:/home/valentin/.m2/repository/org/springframework/boot/spring-boot-starter/3.5.5/spring-boot-starter-3.5.5.jar:/home/valentin/.m2/repository/org/springframework/boot/spring-boot/3.5.5/spring-boot-3.5.5.jar:/home/valentin/.m2/repository/org/springframework/boot/spring-boot-autoconfigure/3.5.5/spring-boot-autoconfigure-3.5.5.jar:/home/valentin/.m2/repository/org/springframework/boot/spring-boot-starter-logging/3.5.5/spring-boot-starter-logging-3.5.5.jar:/home/valentin/.m2/repository/ch/qos/logback/logback-classic/1.5.18/logback-classic-1.5.18.jar:/home/valentin/.m2/repository/ch/qos/logback/logback-core/1.5.18/logback-core-1.5.18.jar:/home/valentin/.m2/repository/org/apache/logging/log4j/log4j-to-slf4j/2.24.3/log4j-to-slf4j-2.24.3.jar:/home/valentin/.m2/repository/org/apache/logging/log4j/log4j-api/2.24.3/log4j-api-2.24.3.jar:/home/valentin/.m2/repository/org/slf4j/jul-to-slf4j/2.0.17/jul-to-slf4j-2.0.17.jar:/home/valentin/.m2/repository/jakarta/annotation/jakarta.annotation-api/2.1.1/jakarta.annotation-api-2.1.1.jar:/home/valentin/.m2/repository/org/yaml/snakeyaml/2.4/snakeyaml-2.4.jar:/home/valentin/.m2/repository/org/springframework/boot/spring-boot-starter-json/3.5.5/spring-boot-starter-json-3.5.5.jar:/home/valentin/.m2/repository/com/fasterxml/jackson/datatype/jackson-datatype-jdk8/2.19.2/jackson-datatype-jdk8-2.19.2.jar:/home/valentin/.m2/repository/com/fasterxml/jackson/datatype/jackson-datatype-jsr310/2.19.2/jackson-datatype-jsr310-2.19.2.jar:/home/valentin/.m2/repository/com/fasterxml/jackson/module/jackson-module-parameter-names/2.19.2/jackson-module-parameter-names-2.19.2.jar:/home/valentin/.m2/repository/org/springframework/boot/spring-boot-starter-tomcat/3.5.5/spring-boot-starter-tomcat-3.5.5.jar:/home/valentin/.m2/repository/org/apache/tomcat/embed/tomcat-embed-core/10.1.44/tomcat-embed-core-10.1.44.jar:/home/valentin/.m2/repository/org/apache/tomcat/embed/tomcat-embed-el/10.1.44/tomcat-embed-el-10.1.44.jar:/home/valentin/.m2/repository/org/apache/tomcat/embed/tomcat-embed-websocket/10.1.44/tomcat-embed-websocket-10.1.44.jar:/home/valentin/.m2/repository/org/springframework/spring-web/6.2.10/spring-web-6.2.10.jar:/home/valentin/.m2/repository/org/springframework/spring-beans/6.2.10/spring-beans-6.2.10.jar:/home/valentin/.m2/repository/io/micrometer/micrometer-observation/1.15.3/micrometer-observation-1.15.3.jar:/home/valentin/.m2/repository/io/micrometer/micrometer-commons/1.15.3/micrometer-commons-1.15.3.jar:/home/valentin/.m2/repository/org/springframework/spring-webmvc/6.2.10/spring-webmvc-6.2.10.jar:/home/valentin/.m2/repository/org/springframework/spring-context/6.2.10/spring-context-6.2.10.jar:/home/valentin/.m2/repository/org/springframework/spring-expression/6.2.10/spring-expression-6.2.10.jar:/home/valentin/.m2/repository/org/springframework/boot/spring-boot-starter-data-jpa/3.5.5/spring-boot-starter-data-jpa-3.5.5.jar:/home/valentin/.m2/repository/org/springframework/boot/spring-boot-starter-jdbc/3.5.5/spring-boot-starter-jdbc-3.5.5.jar:/home/valentin/.m2/repository/com/zaxxer/HikariCP/6.3.2/HikariCP-6.3.2.jar:/home/valentin/.m2/repository/org/springframework/spring-jdbc/6.2.10/spring-jdbc-6.2.10.jar:/home/valentin/.m2/repository/org/hibernate/orm/hibernate-core/6.6.26.Final/hibernate-core-6.6.26.Final.jar:/home/valentin/.m2/repository/jakarta/persistence/jakarta.persistence-api/3.1.0/jakarta.persistence-api-3.1.0.jar:/home/valentin/.m2/repository/jakarta/transaction/jakarta.transaction-api/2.0.1/jakarta.transaction-api-2.0.1.jar:/home/valentin/.m2/repository/org/jboss/logging/jboss-logging/3.6.1.Final/jboss-logging-3.6.1.Final.jar:/home/valentin/.m2/repository/org/hibernate/common/hibernate-commons-annotations/7.0.3.Final/hibernate-commons-annotations-7.0.3.Final.jar:/home/valentin/.m2/repository/io/smallrye/jandex/3.2.0/jandex-3.2.0.jar:/home/valentin/.m2/repository/com/fasterxml/classmate/1.7.0/classmate-1.7.0.jar:/home/valentin/.m2/repository/net/bytebuddy/byte-buddy/1.17.7/byte-buddy-1.17.7.jar:/home/valentin/.m2/repository/org/glassfish/jaxb/jaxb-runtime/4.0.5/jaxb-runtime-4.0.5.jar:/home/valentin/.m2/repository/org/glassfish/jaxb/jaxb-core/4.0.5/jaxb-core-4.0.5.jar:/home/valentin/.m2/repository/org/eclipse/angus/angus-activation/2.0.2/angus-activation-2.0.2.jar:/home/valentin/.m2/repository/org/glassfish/jaxb/txw2/4.0.5/txw2-4.0.5.jar:/home/valentin/.m2/repository/com/sun/istack/istack-commons-runtime/4.1.2/istack-commons-runtime-4.1.2.jar:/home/valentin/.m2/repository/jakarta/inject/jakarta.inject-api/2.0.1/jakarta.inject-api-2.0.1.jar:/home/valentin/.m2/repository/org/antlr/antlr4-runtime/4.13.0/antlr4-runtime-4.13.0.jar:/home/valentin/.m2/repository/org/springframework/data/spring-data-jpa/3.5.3/spring-data-jpa-3.5.3.jar:/home/valentin/.m2/repository/org/springframework/data/spring-data-commons/3.5.3/spring-data-commons-3.5.3.jar:/home/valentin/.m2/repository/org/springframework/spring-orm/6.2.10/spring-orm-6.2.10.jar:/home/valentin/.m2/repository/org/springframework/spring-tx/6.2.10/spring-tx-6.2.10.jar:/home/valentin/.m2/repository/org/springframework/spring-aspects/6.2.10/spring-aspects-6.2.10.jar:/home/valentin/.m2/repository/org/aspectj/aspectjweaver/1.9.24/aspectjweaver-1.9.24.jar:/home/valentin/.m2/repository/org/postgresql/postgresql/42.7.7/postgresql-42.7.7.jar:/home/valentin/.m2/repository/org/checkerframework/checker-qual/3.49.3/checker-qual-3.49.3.jar:/home/valentin/.m2/repository/org/springframework/boot/spring-boot-starter-security/3.5.5/spring-boot-starter-security-3.5.5.jar:/home/valentin/.m2/repository/org/springframework/spring-aop/6.2.10/spring-aop-6.2.10.jar:/home/valentin/.m2/repository/org/springframework/security/spring-security-config/6.5.3/spring-security-config-6.5.3.jar:/home/valentin/.m2/repository/org/springframework/security/spring-security-web/6.5.3/spring-security-web-6.5.3.jar:/home/valentin/.m2/repository/org/springframework/boot/spring-boot-starter-websocket/3.5.5/spring-boot-starter-websocket-3.5.5.jar:/home/valentin/.m2/repository/org/springframework/spring-messaging/6.2.10/spring-messaging-6.2.10.jar:/home/valentin/.m2/repository/org/springframework/spring-websocket/6.2.10/spring-websocket-6.2.10.jar:/home/valentin/.m2/repository/io/jsonwebtoken/jjwt-api/0.11.5/jjwt-api-0.11.5.jar:/home/valentin/.m2/repository/io/jsonwebtoken/jjwt-impl/0.11.5/jjwt-impl-0.11.5.jar:/home/valentin/.m2/repository/io/jsonwebtoken/jjwt-jackson/0.11.5/jjwt-jackson-0.11.5.jar:/home/valentin/.m2/repository/com/fasterxml/jackson/core/jackson-databind/2.19.2/jackson-databind-2.19.2.jar:/home/valentin/.m2/repository/com/fasterxml/jackson/core/jackson-annotations/2.19.2/jackson-annotations-2.19.2.jar:/home/valentin/.m2/repository/com/fasterxml/jackson/core/jackson-core/2.19.2/jackson-core-2.19.2.jar:/home/valentin/.m2/repository/de/mkammerer/argon2-jvm/2.12/argon2-jvm-2.12.jar:/home/valentin/.m2/repository/de/mkammerer/argon2-jvm-nolibs/2.12/argon2-jvm-nolibs-2.12.jar:/home/valentin/.m2/repository/net/java/dev/jna/jna/5.16.0/jna-5.16.0.jar:/home/valentin/.m2/repository/software/amazon/awssdk/s3/2.33.1/s3-2.33.1.jar:/home/valentin/.m2/repository/software/amazon/awssdk/aws-xml-protocol/2.33.1/aws-xml-protocol-2.33.1.jar:/home/valentin/.m2/repository/software/amazon/awssdk/aws-query-protocol/2.33.1/aws-query-protocol-2.33.1.jar:/home/valentin/.m2/repository/software/amazon/awssdk/protocol-core/2.33.1/protocol-core-2.33.1.jar:/home/valentin/.m2/repository/software/amazon/awssdk/arns/2.33.1/arns-2.33.1.jar:/home/valentin/.m2/repository/software/amazon/awssdk/profiles/2.33.1/profiles-2.33.1.jar:/home/valentin/.m2/repository/software/amazon/awssdk/crt-core/2.33.1/crt-core-2.33.1.jar:/home/valentin/.m2/repository/software/amazon/awssdk/http-auth/2.33.1/http-auth-2.33.1.jar:/home/valentin/.m2/repository/software/amazon/awssdk/identity-spi/2.33.1/identity-spi-2.33.1.jar:/home/valentin/.m2/repository/software/amazon/awssdk/http-auth-spi/2.33.1/http-auth-spi-2.33.1.jar:/home/valentin/.m2/repository/org/reactivestreams/reactive-streams/1.0.4/reactive-streams-1.0.4.jar:/home/valentin/.m2/repository/software/amazon/awssdk/http-auth-aws/2.33.1/http-auth-aws-2.33.1.jar:/home/valentin/.m2/repository/software/amazon/awssdk/checksums/2.33.1/checksums-2.33.1.jar:/home/valentin/.m2/repository/software/amazon/awssdk/checksums-spi/2.33.1/checksums-spi-2.33.1.jar:/home/valentin/.m2/repository/software/amazon/awssdk/retries-spi/2.33.1/retries-spi-2.33.1.jar:/home/valentin/.m2/repository/software/amazon/awssdk/sdk-core/2.33.1/sdk-core-2.33.1.jar:/home/valentin/.m2/repository/software/amazon/awssdk/retries/2.33.1/retries-2.33.1.jar:/home/valentin/.m2/repository/software/amazon/awssdk/auth/2.33.1/auth-2.33.1.jar:/home/valentin/.m2/repository/software/amazon/awssdk/http-auth-aws-eventstream/2.33.1/http-auth-aws-eventstream-2.33.1.jar:/home/valentin/.m2/repository/software/amazon/eventstream/eventstream/1.0.1/eventstream-1.0.1.jar:/home/valentin/.m2/repository/software/amazon/awssdk/http-client-spi/2.33.1/http-client-spi-2.33.1.jar:/home/valentin/.m2/repository/software/amazon/awssdk/annotations/2.33.1/annotations-2.33.1.jar:/home/valentin/.m2/repository/software/amazon/awssdk/utils/2.33.1/utils-2.33.1.jar:/home/valentin/.m2/repository/software/amazon/awssdk/aws-core/2.33.1/aws-core-2.33.1.jar:/home/valentin/.m2/repository/software/amazon/awssdk/metrics-spi/2.33.1/metrics-spi-2.33.1.jar:/home/valentin/.m2/repository/software/amazon/awssdk/json-utils/2.33.1/json-utils-2.33.1.jar:/home/valentin/.m2/repository/software/amazon/awssdk/third-party-jackson-core/2.33.1/third-party-jackson-core-2.33.1.jar:/home/valentin/.m2/repository/software/amazon/awssdk/endpoints-spi/2.33.1/endpoints-spi-2.33.1.jar:/home/valentin/.m2/repository/software/amazon/awssdk/apache-client/2.33.1/apache-client-2.33.1.jar:/home/valentin/.m2/repository/org/apache/httpcomponents/httpclient/4.5.13/httpclient-4.5.13.jar:/home/valentin/.m2/repository/commons-logging/commons-logging/1.2/commons-logging-1.2.jar:/home/valentin/.m2/repository/org/apache/httpcomponents/httpcore/4.4.16/httpcore-4.4.16.jar:/home/valentin/.m2/repository/commons-codec/commons-codec/1.18.0/commons-codec-1.18.0.jar:/home/valentin/.m2/repository/software/amazon/awssdk/netty-nio-client/2.33.1/netty-nio-client-2.33.1.jar:/home/valentin/.m2/repository/io/netty/netty-codec-http/4.1.124.Final/netty-codec-http-4.1.124.Final.jar:/home/valentin/.m2/repository/io/netty/netty-codec-http2/4.1.124.Final/netty-codec-http2-4.1.124.Final.jar:/home/valentin/.m2/repository/io/netty/netty-codec/4.1.124.Final/netty-codec-4.1.124.Final.jar:/home/valentin/.m2/repository/io/netty/netty-transport/4.1.124.Final/netty-transport-4.1.124.Final.jar:/home/valentin/.m2/repository/io/netty/netty-common/4.1.124.Final/netty-common-4.1.124.Final.jar:/home/valentin/.m2/repository/io/netty/netty-buffer/4.1.124.Final/netty-buffer-4.1.124.Final.jar:/home/valentin/.m2/repository/io/netty/netty-handler/4.1.124.Final/netty-handler-4.1.124.Final.jar:/home/valentin/.m2/repository/io/netty/netty-transport-native-unix-common/4.1.124.Final/netty-transport-native-unix-common-4.1.124.Final.jar:/home/valentin/.m2/repository/io/netty/netty-transport-classes-epoll/4.1.124.Final/netty-transport-classes-epoll-4.1.124.Final.jar:/home/valentin/.m2/repository/io/netty/netty-resolver/4.1.124.Final/netty-resolver-4.1.124.Final.jar:/home/valentin/.m2/repository/software/amazon/awssdk/regions/2.34.7/regions-2.34.7.jar:/home/valentin/.m2/repository/org/slf4j/slf4j-api/2.0.17/slf4j-api-2.0.17.jar:/home/valentin/.m2/repository/org/springframework/boot/spring-boot-starter-test/3.5.5/spring-boot-starter-test-3.5.5.jar:/home/valentin/.m2/repository/org/springframework/boot/spring-boot-test/3.5.5/spring-boot-test-3.5.5.jar:/home/valentin/.m2/repository/org/springframework/boot/spring-boot-test-autoconfigure/3.5.5/spring-boot-test-autoconfigure-3.5.5.jar:/home/valentin/.m2/repository/com/jayway/jsonpath/json-path/2.9.0/json-path-2.9.0.jar:/home/valentin/.m2/repository/jakarta/xml/bind/jakarta.xml.bind-api/4.0.2/jakarta.xml.bind-api-4.0.2.jar:/home/valentin/.m2/repository/jakarta/activation/jakarta.activation-api/2.1.3/jakarta.activation-api-2.1.3.jar:/home/valentin/.m2/repository/net/minidev/json-smart/2.5.2/json-smart-2.5.2.jar:/home/valentin/.m2/repository/net/minidev/accessors-smart/2.5.2/accessors-smart-2.5.2.jar:/home/valentin/.m2/repository/org/ow2/asm/asm/9.7.1/asm-9.7.1.jar:/home/valentin/.m2/repository/org/assertj/assertj-core/3.27.4/assertj-core-3.27.4.jar:/home/valentin/.m2/repository/org/awaitility/awaitility/4.2.2/awaitility-4.2.2.jar:/home/valentin/.m2/repository/org/hamcrest/hamcrest/3.0/hamcrest-3.0.jar:/home/valentin/.m2/repository/org/junit/jupiter/junit-jupiter/5.12.2/junit-jupiter-5.12.2.jar:/home/valentin/.m2/repository/org/junit/jupiter/junit-jupiter-api/5.12.2/junit-jupiter-api-5.12.2.jar:/home/valentin/.m2/repository/org/opentest4j/opentest4j/1.3.0/opentest4j-1.3.0.jar:/home/valentin/.m2/repository/org/junit/platform/junit-platform-commons/1.12.2/junit-platform-commons-1.12.2.jar:/home/valentin/.m2/repository/org/apiguardian/apiguardian-api/1.1.2/apiguardian-api-1.1.2.jar:/home/valentin/.m2/repository/org/junit/jupiter/junit-jupiter-params/5.12.2/junit-jupiter-params-5.12.2.jar:/home/valentin/.m2/repository/org/junit/jupiter/junit-jupiter-engine/5.12.2/junit-jupiter-engine-5.12.2.jar:/home/valentin/.m2/repository/org/junit/platform/junit-platform-engine/1.12.2/junit-platform-engine-1.12.2.jar:/home/valentin/.m2/repository/org/mockito/mockito-core/5.17.0/mockito-core-5.17.0.jar:/home/valentin/.m2/repository/net/bytebuddy/byte-buddy-agent/1.17.7/byte-buddy-agent-1.17.7.jar:/home/valentin/.m2/repository/org/objenesis/objenesis/3.3/objenesis-3.3.jar:/home/valentin/.m2/repository/org/mockito/mockito-junit-jupiter/5.17.0/mockito-junit-jupiter-5.17.0.jar:/home/valentin/.m2/repository/org/skyscreamer/jsonassert/1.5.3/jsonassert-1.5.3.jar:/home/valentin/.m2/repository/com/vaadin/external/google/android-json/0.0.20131108.vaadin1/android-json-0.0.20131108.vaadin1.jar:/home/valentin/.m2/repository/org/springframework/spring-core/6.2.10/spring-core-6.2.10.jar:/home/valentin/.m2/repository/org/springframework/spring-jcl/6.2.10/spring-jcl-6.2.10.jar:/home/valentin/.m2/repository/org/springframework/spring-test/6.2.10/spring-test-6.2.10.jar:/home/valentin/.m2/repository/org/xmlunit/xmlunit-core/2.10.3/xmlunit-core-2.10.3.jar:/home/valentin/.m2/repository/org/springframework/security/spring-security-test/6.5.3/spring-security-test-6.5.3.jar:/home/valentin/.m2/repository/org/springframework/security/spring-security-core/6.5.3/spring-security-core-6.5.3.jar:/home/valentin/.m2/repository/org/springframework/security/spring-security-crypto/6.5.3/spring-security-crypto-6.5.3.jar:"/>
    <property name="sun.cpu.endian" value="little"/>
    <property name="user.home" value="/home/valentin"/>
    <property name="user.language" value="en"/>
    <property name="java.specification.vendor" value="Oracle Corporation"/>
    <property name="java.version.date" value="2025-07-15"/>
    <property name="java.home" value="/usr/lib/jvm/java-21-openjdk-amd64"/>
    <property name="file.separator" value="/"/>
    <property name="basedir" value="/home/valentin/portfolio-project/backend"/>
    <property name="java.vm.compressedOopsMode" value="32-bit"/>
    <property name="line.separator" value="&#10;"/>
    <property name="java.vm.specification.vendor" value="Oracle Corporation"/>
    <property name="java.specification.name" value="Java Platform API Specification"/>
    <property name="surefire.real.class.path" value="/home/valentin/portfolio-project/backend/target/surefire/surefirebooter-20251001235127462_3.jar"/>
    <property name="sun.management.compiler" value="HotSpot 64-Bit Tiered Compilers"/>
    <property name="java.runtime.version" value="21.0.8+9-Ubuntu-0ubuntu124.04.1"/>
    <property name="user.name" value="valentin"/>
    <property name="stdout.encoding" value="UTF-8"/>
    <property name="path.separator" value=":"/>
    <property name="os.version" value="6.6.87.2-microsoft-standard-WSL2"/>
    <property name="java.runtime.name" value="OpenJDK Runtime Environment"/>
    <property name="file.encoding" value="UTF-8"/>
    <property name="jnidispatch.path" value="/home/valentin/.cache/JNA/temp/jna4877470507162722459.tmp"/>
    <property name="java.vm.name" value="OpenJDK 64-Bit Server VM"/>
    <property name="jna.platform.library.path" value="/usr/lib/x86_64-linux-gnu:/lib/x86_64-linux-gnu:/usr/lib64:/lib64:/usr/lib:/lib:/usr/lib/wsl/lib:/usr/lib/x86_64-linux-gnu/libfakeroot"/>
    <property name="localRepository" value="/home/valentin/.m2/repository"/>
    <property name="jna.loaded" value="true"/>
    <property name="java.vendor.url.bug" value="https://bugs.launchpad.net/ubuntu/+source/openjdk-21"/>
    <property name="java.io.tmpdir" value="/tmp"/>
    <property name="java.version" value="21.0.8"/>
    <property name="user.dir" value="/home/valentin/portfolio-project/backend"/>
    <property name="os.arch" value="amd64"/>
    <property name="java.vm.specification.name" value="Java Virtual Machine Specification"/>
    <property name="native.encoding" value="UTF-8"/>
    <property name="java.library.path" value="/usr/java/packages/lib:/usr/lib/x86_64-linux-gnu/jni:/lib/x86_64-linux-gnu:/usr/lib/x86_64-linux-gnu:/usr/lib/jni:/lib:/usr/lib"/>
    <property name="stderr.encoding" value="UTF-8"/>
    <property name="java.vm.info" value="mixed mode, sharing"/>
    <property name="java.vendor" value="Ubuntu"/>
    <property name="java.vm.version" value="21.0.8+9-Ubuntu-0ubuntu124.04.1"/>
    <property name="sun.io.unicode.encoding" value="UnicodeLittle"/>
    <property name="java.class.version" value="65.0"/>
  </properties>
  <testcase name="testDeleteClient_success" classname="com.atelierlocal.service.ClientServiceTest" time="0.113"/>
  <testcase name="testGetClientById_success" classname="com.atelierlocal.service.ClientServiceTest" time="0.002"/>
  <testcase name="testCreateClient_emailAlreadyExists" classname="com.atelierlocal.service.ClientServiceTest" time="0.002"/>
  <testcase name="testUpdateClient_success" classname="com.atelierlocal.service.ClientServiceTest" time="0.003"/>
  <testcase name="testCreateClient_success" classname="com.atelierlocal.service.ClientServiceTest" time="0.003"/>
  <testcase name="testClientById_notFound" classname="com.atelierlocal.service.ClientServiceTest" time="0.002"/>
</testsuite>